#
# Copyright 2007-2015, Kaazing Corporation. All rights reserved.
#
# Licensed under the Apache License, Version 2.0 (the "License");
# you may not use this file except in compliance with the License.
# You may obtain a copy of the License at
#
# http://www.apache.org/licenses/LICENSE-2.0
#
# Unless required by applicable law or agreed to in writing, software
# distributed under the License is distributed on an "AS IS" BASIS,
# WITHOUT WARRANTIES OR CONDITIONS OF ANY KIND, either express or implied.
# See the License for the specific language governing permissions and
# limitations under the License.
#

property sequence ${wse:randomInt(100)}

connect http://localhost:8080/path/;e/cbm?query
connected

write method "POST"
write version "HTTP/1.1"
write header host
write header content-length
write header "X-WebSocket-Version" "wseb-1.0"
write header "X-Sequence-No" ${wse:asString(sequence)}
write close

read status "201" /.+/
read version "HTTP/1.1"
read header "Content-Type" /text\/plain;charset=(?i)utf-8/

read /(?<upstream>http:\/\/localhost:8080\/path\/.+)\n/
read /(?<downstream>http:\/\/localhost:8080\/path\/.+)\n/
read notify CREATED
read closed

# Downstream
connect await CREATED
connect ${downstream}
connected

write method "GET"
write version "HTTP/1.1"
write header host
write header "X-Sequence-No" ${wse:asString(sequence + 1)}
write header content-length
write close

read status "200" /.+/
read header "Content-Type" "application/octet-stream"
read header "Connection" "close"

read [0x81 0x06 0x41 0x42 0x43 0xE2 0x82 0xAC]


# Upstream
connect await CREATED
connect ${upstream}
connected

write method "POST"
write version "HTTP/1.1"
write header host
write header "Content-Type" "application/octet-stream"
write header "X-Sequence-No" ${wse:asString(sequence + 1)}
write header "content-length" "8"

# The following text frame contains the characters "ABC" plus the Euro sign (0xE2 0x82 0xAC in UTF-8),
# which we split between packets
write  [0x81 0x06 0x41 0x42 0x43 0xE2 0x82]
write await WRITE_SECOND_FRAGMENT
write [0xAC]

