#
# Copyright 2007-2015, Kaazing Corporation. All rights reserved.
#
# Licensed under the Apache License, Version 2.0 (the "License");
# you may not use this file except in compliance with the License.
# You may obtain a copy of the License at
#
# http://www.apache.org/licenses/LICENSE-2.0
#
# Unless required by applicable law or agreed to in writing, software
# distributed under the License is distributed on an "AS IS" BASIS,
# WITHOUT WARRANTIES OR CONDITIONS OF ANY KIND, either express or implied.
# See the License for the specific language governing permissions and
# limitations under the License.
#

property entityTag "\"r2d2xxxx\""

accept http://localhost:8000/index.html
accepted
connected

read method "GET"
read version "HTTP/1.1"
read header "Host" "localhost:8000"

write status "200" "OK"
write header "ETag" ${entityTag}
write header content-length
write flush

accepted
connected

read method "HEAD"
read version "HTTP/1.1"
read header "Host" "localhost:8000"
read header "If-Match" ${entityTag}

write status "200" "OK"
write flush
