#
# Copyright 2007-2015, Kaazing Corporation. All rights reserved.
#
# Licensed under the Apache License, Version 2.0 (the "License");
# you may not use this file except in compliance with the License.
# You may obtain a copy of the License at
#
# http://www.apache.org/licenses/LICENSE-2.0
#
# Unless required by applicable law or agreed to in writing, software
# distributed under the License is distributed on an "AS IS" BASIS,
# WITHOUT WARRANTIES OR CONDITIONS OF ANY KIND, either express or implied.
# See the License for the specific language governing permissions and
# limitations under the License.
#

accept "http://localhost:8000/connections"

accepted
connected

read http:method "POST"
read http:header "Accept" "application/octet-stream"
read http:header "X-Protocol" "bbosh/1.0"
read http:header "X-Accept-Strategy" "streaming;request=chunked"
read closed

write http:status "201" "Created"
write http:header "Cache-Control" "no-cache"
write http:header "Location" "/connections/ac32fb3844fe11e4a183164230d1df67"
write http:header "X-Strategy" "streaming;request=chunked"
write http:content-length
write close

accept "http://localhost:8000/connections/ac32fb3844fe11e4a183164230d1df67"

accepted
connected

read http:method "PUT"
read http:header "Accept" "application/octet-stream"
read http:header "Content-Type" "application/octet-stream"
read http:header "Transfer-Encoding" "chunked"
read http:header "X-Sequence-No" "1"

write http:status "200" "OK"
write http:header "Cache-Control" "no-cache"
write http:header "Content-Type" "application/octet-stream"
write http:header "Transfer-Encoding" "chunked"

read "Hello,"
write "Hello,"

read " world"
write " world"

read closed
write close
