#
# Copyright 2007-2015, Kaazing Corporation. All rights reserved.
#
# Licensed under the Apache License, Version 2.0 (the "License");
# you may not use this file except in compliance with the License.
# You may obtain a copy of the License at
#
# http://www.apache.org/licenses/LICENSE-2.0
#
# Unless required by applicable law or agreed to in writing, software
# distributed under the License is distributed on an "AS IS" BASIS,
# WITHOUT WARRANTIES OR CONDITIONS OF ANY KIND, either express or implied.
# See the License for the specific language governing permissions and
# limitations under the License.
#

connect "http://localhost:8000/connections"
connected

write http:method "POST"
write http:header "Accept" "application/octet-stream"
write http:header "X-Protocol" "bbosh/1.0"
write http:header "X-Accept-Strategy" "streaming;request=chunked"
write http:content-length
write close

read http:status "201" "Created"
read http:header "Cache-Control" "no-cache"
read http:header "Location" "/connections/ac32fb3844fe11e4a183164230d1df67"
read http:header "X-Strategy" "streaming;request=chunked"
read closed
read notify CONNECT_ONE

connect await CONNECT_ONE
        "http://localhost:8000/connections/ac32fb3844fe11e4a183164230d1df67"
connected

write http:method "PUT"
write http:header "Accept" "application/octet-stream"
write http:header "Content-Type" "application/octet-stream"
write http:header "Transfer-Encoding" "chunked"
write http:header "X-Sequence-No" "1"

read http:status "200" "OK"
read http:header "Cache-Control" "no-cache"
read http:header "Content-Type" "application/octet-stream"
read http:header "Transfer-Encoding" "chunked"

write "Hello,"
read "Hello,"

write " world"
read " world"

read closed
write close
