connect http://localhost:8080/path?query
connected

write method "GET"
write version "HTTP/1.1"
write header host
write header "Upgrade" "websocket"
write header "Connection" "Upgrade"
write header "Sec-WebSocket-Key" "dGhlIHNhbXBsZSBub25jZQ=="
write header "Sec-WebSocket-Version" "13"

read status "101" /.+/
read version "HTTP/1.1"
read header "Upgrade" /(?i:websocket)/
read header "Connection" /(?i:Upgrade)/
read header "Sec-WebSocket-Accept" "s3pPLMBiTxaQ9kYGzzhZRbK+xOo="
read notify FIRST_CONNECTION_ESTABLISHED


connect http://localhost:8080/path?query
connected

write await FIRST_CONNECTION_ESTABLISHED
write method "GET"
write version "HTTP/1.1"
write header host
write header "Upgrade" "websocket"
write header "Connection" "Upgrade"
write header "Sec-WebSocket-Key" "dGhlIHNhbXBsZSBub25jZQ=="
write header "Sec-WebSocket-Version" "13"

read status "101" /.+/
read version "HTTP/1.1"
read header "Upgrade" /(?i:websocket)/
read header "Connection" /(?i:Upgrade)/
read header "Sec-WebSocket-Accept" "s3pPLMBiTxaQ9kYGzzhZRbK+xOo="
