accept http://localhost:8000/echo
accepted
connected

read method "GET"
read version "HTTP/1.1"
read header "Host" "localhost:8000"
read header "Upgrade" "websocket"
read header "Connection" "Upgrade"
read header "Sec-WebSocket-Key" "dGhlIHNhbXBsZSBub25jZQ=="
read header "Sec-WebSocket-Version" "13"
read header "Sec-WebSocket-Protocol" "x-kaazing-handshake"

write status "101" "Switching Protocols"
write version "HTTP/1.1"
write header "Upgrade" "websocket"
write header "Connection" "Upgrade" 
write header "Sec-WebSocket-Accept" "s3pPLMBiTxaQ9kYGzzhZRbK+xOo="
write header "Sec-WebSocket-Protocol" "x-kaazing-handshake"
write header "Server" "Kaazing Gateway"
write header "Date" ${httpx:getDate()}
write flush

write [0x82 0x05]
write "Hello"

read [0x88 0x02]
read [(:maskingKey){4}]
read option mask ${writeMask}
read [0x03 0xf3]
read option mask [0x00 0x00 0x00 0x00]

write [0x88 0x02 0x03 0xf3]

