property invalidDate "Wed, 30 Feb 2000 01:23:45 GMT"
connect http://localhost:8000/resource
connected

write method "GET"
write version "HTTP/1.1"
write header content-length
write flush
write close

read status "200" "OK"
read header "Last-Modified" /(?<lastModified>.+)/
read notify LAST_MODIFIED
read closed

connect http://localhost:8000/resource
connected

write await LAST_MODIFIED
write method "DELETE"
write version "HTTP/1.1"
write header host
write header "If-Unmodified-Since" ${invalidDate}
write header content-length
write flush
write close

read status "204" "No Content"
