property writeReason ${ws:randomBytesUTF8(20)}

accept http://localhost:8080/echo
accepted
connected

read method "GET"
read version "HTTP/1.1"
read header "Host" "localhost:8080"
read header "Upgrade" /(?i:websocket)/
read header "Connection" /(?i:Upgrade)/
read header "Sec-WebSocket-Key" /(?<key>[a-zA-Z0-9+\/=]{24})/
read header "Sec-WebSocket-Version" "13"

write status "101" "Switching Protocols"
write version "HTTP/1.1"
write header "Upgrade" "websocket"
write header "Connection" "Upgrade"
write header "Sec-WebSocket-Accept" ${ws:handshakeHash(key)}

write [0x88 0x16 0x03 0xe8] ${writeReason}

read [0x88 0x96] ([0..4] :readMask)
read option mask ${readMask}
read [0x03 0xe8] ${writeReason}
read option mask [0x00 0x00 0x00 0x00]

close
