accept http://localhost:8080/path?query
accepted
connected

read method "GET"
read version "HTTP/1.1"
read header "Host" "localhost:8080"
read header "Upgrade" /[wW][eE][bB][sS][oO][cC][kK][eE][tT]/
read header "Connection" /[uU][pP][gG][rR][aA][dD][eE]/
read header "Sec-WebSocket-Key" /(?<key>[a-zA-Z0-9+\/=]{24})/
read header "Sec-WebSocket-Version" "13"

write status "101" "Switching Protocols"
write version "HTTP/1.1"
write header "Upgrade" "websocket"
write header "Connection" "Upgrade"
write header "Sec-WebSocket-Accept" ${key}
write notify FIRST_CONNECTION_ESTABLISHED
write flush

accepted
connected

read await FIRST_CONNECTION_ESTABLISHED
read method "GET"
read version "HTTP/1.1"
read header "Host" "localhost:8080"
read header "Upgrade" /[wW][eE][bB][sS][oO][cC][kK][eE][tT]/
read header "Connection" /[uU][pP][gG][rR][aA][dD][eE]/
read header "Sec-WebSocket-Key" /(?<key>[a-zA-Z0-9+\/=]{24})/
read header "Sec-WebSocket-Version" "13"

write status "101" "Switching Protocols"
write version "HTTP/1.1"
write header "Upgrade" "websocket"
write header "Connection" "Upgrade"
write header "Sec-WebSocket-Accept" ${key}
write flush

# 2nd connection established
