#
# Copyright 2007-2015, Kaazing Corporation. All rights reserved.
#
# Licensed under the Apache License, Version 2.0 (the "License");
# you may not use this file except in compliance with the License.
# You may obtain a copy of the License at
#
# http://www.apache.org/licenses/LICENSE-2.0
#
# Unless required by applicable law or agreed to in writing, software
# distributed under the License is distributed on an "AS IS" BASIS,
# WITHOUT WARRANTIES OR CONDITIONS OF ANY KIND, either express or implied.
# See the License for the specific language governing permissions and
# limitations under the License.
#

connect tcp://localhost:8000
connected

write "GET /sse HTTP/1.1\r\n"
write "Host: localhost:8000\r\n"
write "Accept: text/event-stream\r\n"
write "\r\n"

read "HTTP/1.1 200 OK\r\n"
read "Content-Type: text/event-stream\r\n"
read "Cache-Control: no-cache\r\n"
read "Connection: keep-alive\r\n"
read /Date:.*\r\n/
read "\r\n"

read "id\n"
read "event:e1\n"
read "data:Message with id field without a colon for a named server-sent event e1!\n"
read "\n"
