#
# Copyright 2007-2015, Kaazing Corporation. All rights reserved.
#
# Licensed under the Apache License, Version 2.0 (the "License");
# you may not use this file except in compliance with the License.
# You may obtain a copy of the License at
#
# http://www.apache.org/licenses/LICENSE-2.0
#
# Unless required by applicable law or agreed to in writing, software
# distributed under the License is distributed on an "AS IS" BASIS,
# WITHOUT WARRANTIES OR CONDITIONS OF ANY KIND, either express or implied.
# See the License for the specific language governing permissions and
# limitations under the License.
#

# Stream 1
connect await BOUND
        udp://localhost:8080
connected
write "Hello1"
write "Bye1"
write "Goodbye1"
read "Hello1"
read "Bye1"
read "Goodbye1"
close
closed

# Stream 2
connect await BOUND
        udp://localhost:8080
connected
write "Hello2"
write "Bye2"
write "Goodbye2"
read "Hello2"
read "Bye2"
read "Goodbye2"
close
closed

# Stream 3
connect await BOUND
        udp://localhost:8080
connected
write "Hello3"
write "Bye3"
write "Goodbye3"
read "Hello3"
read "Bye3"
read "Goodbye3"
close
closed
