property lastModified "Thu, 1 Jan 2015 01:23:45 GMT"
accept http://localhost:8000/resource
accepted
connected

read method "GET"
read version "HTTP/1.1"
read closed

write status "200" "OK"
write header "Last-Modified" ${lastModified}
write header content-length
write flush
write close

accepted
connected

read method "HEAD"
read version "HTTP/1.1"
read header "If-Modified-Since" /.+/
read closed

# If-Modified-Since header has an invalid HTTP date so it must be ignored
# according to RFC 7232. So, continue to perform the requested method and the
# response will have a 200(OK) status code.
write status "200" "OK"
write flush
write close
