#
# Copyright 2007-2015, Kaazing Corporation. All rights reserved.
#
# Licensed under the Apache License, Version 2.0 (the "License");
# you may not use this file except in compliance with the License.
# You may obtain a copy of the License at
#
# http://www.apache.org/licenses/LICENSE-2.0
#
# Unless required by applicable law or agreed to in writing, software
# distributed under the License is distributed on an "AS IS" BASIS,
# WITHOUT WARRANTIES OR CONDITIONS OF ANY KIND, either express or implied.
# See the License for the specific language governing permissions and
# limitations under the License.
#

property location 'http://localhost:8080/echo'
property key ${ws:handshakeKey()}
property writeMaskA ${ws:randomBytes(4)}
property writeMaskB ${ws:randomBytes(4)}

connect ${location}
connected

write method "GET"
write version "HTTP/1.1"
write header host
write header "Upgrade" "websocket"
write header "Connection" "Upgrade"
write header "Sec-WebSocket-Key" ${key}
write header "Sec-WebSocket-Version" "13"

read status "101" /.+/
read version "HTTP/1.1"
read header "Upgrade" /(?i:websocket)/
read header "Connection" /(?i:Upgrade)/
read header "Sec-WebSocket-Accept" ${ws:handshakeHash(key)}

read [0x02 0x19]
read ([0..25] :client25a)

read [0x00 0x19]
read ([0..25] :client25b)

read [0x00 0x19]
read ([0..25] :client25c)

read [0x89 0x00]
write [0x8a 0x80] ${writeMaskA}

read [0x00 0x19]
read ([0..25] :client25d)

read [0x80 0x19]
read ([0..25] :client25e)

write [0x82 0xfd] ${writeMaskB}
write option mask ${writeMaskB}
write ${client25a} ${client25b} ${client25c} ${client25d} ${client25e}
write option mask [0x00 0x00 0x00 0x00]
