property lastModifiedClientDate "Sat, 1 Jan 2000 01:23:45 GMT"
connect http://localhost:8000/resource
connected

write method "GET"
write version "HTTP/1.1"
write header content-length
write flush

read status "200" "OK"
read header "Last-Modified" /(?<lastModified>.+)/
read header "ETag" /(?<etag>.+)/
read notify LAST_MODIFIED

connect http://localhost:8000/resource
connected

write await LAST_MODIFIED
write method "PUT"
write version "HTTP/1.1"
write header host
write header "If-Unmodified-Since" ${lastModifiedClientDate}
write header "If-Match" ${etag}
write header content-length
write flush

read status "204" "No Content"
