#
# Copyright 2007-2015, Kaazing Corporation. All rights reserved.
#
# Licensed under the Apache License, Version 2.0 (the "License");
# you may not use this file except in compliance with the License.
# You may obtain a copy of the License at
#
# http://www.apache.org/licenses/LICENSE-2.0
#
# Unless required by applicable law or agreed to in writing, software
# distributed under the License is distributed on an "AS IS" BASIS,
# WITHOUT WARRANTIES OR CONDITIONS OF ANY KIND, either express or implied.
# See the License for the specific language governing permissions and
# limitations under the License.
#

connect tcp://localhost:8080
connected

#Content Type
write [0x16]
[0x03] [0x03]
[0x00] [0x2a] #length

#Body Client Hello
[0x01]
[0x00] [0x00] [0x26] #length
[0x03] [0x03]
${tls:gmt_unix_time()} ${tls:randomBytesUTF8(28)}
[0x00]
[0x00] [0x00]
[0x00]

close
closed


