#
# Copyright 2007-2015, Kaazing Corporation. All rights reserved.
#
# Licensed under the Apache License, Version 2.0 (the "License");
# you may not use this file except in compliance with the License.
# You may obtain a copy of the License at
#
# http://www.apache.org/licenses/LICENSE-2.0
#
# Unless required by applicable law or agreed to in writing, software
# distributed under the License is distributed on an "AS IS" BASIS,
# WITHOUT WARRANTIES OR CONDITIONS OF ANY KIND, either express or implied.
# See the License for the specific language governing permissions and
# limitations under the License.
#

accept tcp://localhost:8080
accepted
connected

read [0x16]
read [0x03] [0x03]
read [0x00] [0x2a]

read [0x01]
read [0x00] [0x00] [0x26]
read [0x03] [0x03]
read ([0..4]:unixTime) ([0..28]:randomBytes)
read [0x00]
read [0x00] [0x00]
read [0x00]

closed


