#
# Copyright 2007-2015, Kaazing Corporation. All rights reserved.
#
# Licensed under the Apache License, Version 2.0 (the "License");
# you may not use this file except in compliance with the License.
# You may obtain a copy of the License at
#
# http://www.apache.org/licenses/LICENSE-2.0
#
# Unless required by applicable law or agreed to in writing, software
# distributed under the License is distributed on an "AS IS" BASIS,
# WITHOUT WARRANTIES OR CONDITIONS OF ANY KIND, either express or implied.
# See the License for the specific language governing permissions and
# limitations under the License.
#

connect http://localhost:8080/path?query
connected

write method "GET"
write version "HTTP/1.1"
write header host
write header "Upgrade" "h2c"
write header "Connection" "Upgrade, HTTP2-Settings"

# write the HTTP2-Settings header for the SETTINGS_HEADER_TABLE_SIZE
#   setting set to 8192 octets (the default is 4096)
write header "HTTP2-Settings" ${http2:settingsWithHeaderTableSize8192()}

read status "101" /.+/
read version "HTTP/1.1"
read header "Upgrade" "h2c"
read header "Connection" "Upgrade"

# connection established

