#
# Copyright 2007-2015, Kaazing Corporation. All rights reserved.
#
# Licensed under the Apache License, Version 2.0 (the "License");
# you may not use this file except in compliance with the License.
# You may obtain a copy of the License at
#
# http://www.apache.org/licenses/LICENSE-2.0
#
# Unless required by applicable law or agreed to in writing, software
# distributed under the License is distributed on an "AS IS" BASIS,
# WITHOUT WARRANTIES OR CONDITIONS OF ANY KIND, either express or implied.
# See the License for the specific language governing permissions and
# limitations under the License.
#

connect http://localhost:8000/connections
connected

write method "POST"
write header "Accept" "application/octet-stream"
write header content-length
write header "X-Protocol" "bbosh/1.0"
write header "X-Accept-Strategy" "polling;interval=5s"
write close

read status "201" "Created"
read header "Cache-Control" "no-cache"
read header "Location" "/connections/ac32fb3844fe11e4a183164230d1df67"
read header "X-Strategy" "polling;interval=5s"
read closed
read notify CONNECT_ONE

connect http://localhost:8000/connections/ac32fb3844fe11e4a183164230d1df67
connected

write await CONNECT_ONE
write method "PUT"
write header "Accept" "application/octet-stream"
write header "Content-Type" "application/octet-stream"
write header content-length
write header "X-Sequence-No" "1"
write "Hello, world"
write close

read status "200" "OK"
read header "Cache-Control" "no-cache"
read header "Content-Type" "application/octet-stream"
read "Hello, world"
read closed
read notify CONNECT_TWO

connect http://localhost:8000/connections/ac32fb3844fe11e4a183164230d1df67
connected

write await CONNECT_TWO
write method "GET"
write header "Accept" "application/octet-stream"
write header "Content-Type" "application/octet-stream"
write header "X-Sequence-No" "2"
write close

read status "404" "Closed"
read header "Cache-Control" "no-cache"
read closed
