#
# Copyright 2007-2015, Kaazing Corporation. All rights reserved.
#
# Licensed under the Apache License, Version 2.0 (the "License");
# you may not use this file except in compliance with the License.
# You may obtain a copy of the License at
#
# http://www.apache.org/licenses/LICENSE-2.0
#
# Unless required by applicable law or agreed to in writing, software
# distributed under the License is distributed on an "AS IS" BASIS,
# WITHOUT WARRANTIES OR CONDITIONS OF ANY KIND, either express or implied.
# See the License for the specific language governing permissions and
# limitations under the License.
#

property serverGSSContext ${socks5:createServerGSSContext()}

accept tcp://localhost:1080
accepted
connected

## Read the request bytes for connecting with no-authentication
# version: SOCKS v5
read [0x05]

# number of method: 1
read [0x01]

# method: GSS-API
read [0x01]


## Write a success response
# version: SOCKS v5
write [0x05]

# selected method: GSS-API
write [0x01]

# begin authentication sub-negotiation
read (int:tokenLength)
read ([0..${tokenLength}]:clientToken)

property clientTokenAccepted ${socks5:acceptClientToken(serverGSSContext, clientToken)}

# connection established

closed
