accept http://localhost:8080/echo
accepted
connected

read method "GET"
read version "HTTP/1.1"
read header "Host" "localhost:8080"
read header "Upgrade" /(?i:websocket)/
read header "Connection" /(?i:Upgrade)/
read header "Sec-WebSocket-Key" /(?<key>[a-zA-Z0-9+\/=]{24})/
read header "Sec-WebSocket-Version" "13"

write status "101" "Switching Protocols"
write version "HTTP/1.1"
write header "Upgrade" "websocket"
write header "Connection" "Upgrade"
write header "Sec-WebSocket-Accept" ${ws:handshakeHash(key)}

read [0x01 0x99] ([0..4] :readMaskA)
read option mask ${readMaskA}
read ([0..25] :server25)
read option mask [0x00 0x00 0x00 0x00]

read [0x80 0xe4] ([0..4] :readMaskB)
read option mask ${readMaskB}
read ([0..100] :server100)
read option mask [0x00 0x00 0x00 0x00]

write [0x81 0x7d] ${server25} ${server100}
