#
# Copyright 2007-2015, Kaazing Corporation. All rights reserved.
#
# Licensed under the Apache License, Version 2.0 (the "License");
# you may not use this file except in compliance with the License.
# You may obtain a copy of the License at
#
# http://www.apache.org/licenses/LICENSE-2.0
#
# Unless required by applicable law or agreed to in writing, software
# distributed under the License is distributed on an "AS IS" BASIS,
# WITHOUT WARRANTIES OR CONDITIONS OF ANY KIND, either express or implied.
# See the License for the specific language governing permissions and
# limitations under the License.
#

property location 'http://localhost:8080/echo'
property key ${ws:handshakeKey()}
property writeMaskA ${ws:randomBytes(4)}
property writeMaskB ${ws:randomBytes(4)}
property client125 ${ws:randomBytesUnalignedUTF8(125, 25)}
property client25 ${ws:copyOfRange(client125, 0, 25)}
property client100 ${ws:copyOfRange(client125, 25, 125)}

connect ${location}
connected

write method "GET"
write version "HTTP/1.1"
write header host
write header "Upgrade" "websocket"
write header "Connection" "Upgrade"
write header "Sec-WebSocket-Key" ${key}
write header "Sec-WebSocket-Version" "13"

read status "101" /.+/
read version "HTTP/1.1"
read header "Upgrade" /(?i:websocket)/
read header "Connection" /(?i:Upgrade)/
read header "Sec-WebSocket-Accept" ${ws:handshakeHash(key)}

write [0x01 0x99] ${writeMaskA}
write option mask ${writeMaskA}
write ${client25}
write option mask [0x00 0x00 0x00 0x00]

write [0x80 0xe4] ${writeMaskB}
write option mask ${writeMaskB}
write ${client100}
write option mask [0x00 0x00 0x00 0x00]

read [0x81 0x7d] ${client125}
