property upstreamId ${wse:uniqueId()}
property downstreamId ${wse:uniqueId()}
property upstream ${wse:append("http://localhost:8080/path/", upstreamId)}
property downstream ${wse:append("http://localhost:8080/path/", downstreamId)}

accept http://localhost:8080/path/;e/cb?query
accepted
connected

read method "POST"
read version "HTTP/1.1"
read header "X-WebSocket-Version" "wseb-1.0"
read header "X-Sequence-No" /(?<sequence>[0-9]{1,3})/
read header "X-WebSocket-Protocol" "primary, secondary"
read closed

write status "201" "Created" 
write version "HTTP/1.1"
write header "X-WebSocket-Version" "wseb-1.0"
write header "X-WebSocket-Protocol" "primary"
write header "Content-Type" "text/plain;charset=utf-8"
write header content-length

write "http://localhost:8080/path/uofdbnreiodfkbqi\n"
write "https://localhost:8443/path/kwebfbkjwehkdsfa\n"
write close
