#
# Copyright 2007-2015, Kaazing Corporation. All rights reserved.
#
# Licensed under the Apache License, Version 2.0 (the "License");
# you may not use this file except in compliance with the License.
# You may obtain a copy of the License at
#
# http://www.apache.org/licenses/LICENSE-2.0
#
# Unless required by applicable law or agreed to in writing, software
# distributed under the License is distributed on an "AS IS" BASIS,
# WITHOUT WARRANTIES OR CONDITIONS OF ANY KIND, either express or implied.
# See the License for the specific language governing permissions and
# limitations under the License.
#

accept "tcp://localhost:8080"
accepted
connected

read "GET http://localhost:8080/" [0..8001] " HTTP/1.1" "\r\n"

write "HTTP/1.1 414 Request-URI Too Long\r\n"
write "Server: k3po\r\n"
write "Content-Length: 0\r\n"
write "Content-Type: text/html\r\n"
write "\r\n"

