#
# Copyright 2007-2015, Kaazing Corporation. All rights reserved.
#
# Licensed under the Apache License, Version 2.0 (the "License");
# you may not use this file except in compliance with the License.
# You may obtain a copy of the License at
#
# http://www.apache.org/licenses/LICENSE-2.0
#
# Unless required by applicable law or agreed to in writing, software
# distributed under the License is distributed on an "AS IS" BASIS,
# WITHOUT WARRANTIES OR CONDITIONS OF ANY KIND, either express or implied.
# See the License for the specific language governing permissions and
# limitations under the License.
#

connect tcp://localhost:5672
connected

                                                 # Protocol-Header 1-0-0
write "AMQP" [0x00 0x01 0x00 0x00]               # version: 1.0.0

                                                 # open
write [0x00 0x00 0x00 0x21]                      # length: 33
write [0x02]                                     # data offset: 2
write [0x00]                                     # type: AMQP (0)
write [0x00 0x00]                                # channel: 0
write [0x00 0x53 0x10]                           # performative: open
write [0xc0 0x14 0x04]                           # arguments: size, count
write [0xa1 0x08] "clientID"                     #   container-id type, length, "clientID"
write [0x40]                                     #   hostname: null
write [0x70 0x00 0x01 0x00 0x00]                 #   max-frame-size: 65536
write [0x60 0x00 0xff]                           #   channel-max: unknown (255)

                                                 # Protocol-Header 1-0-0
read "AMQP" [0x00 0x01 0x00 0x00]                # version: 1.0.0

                                                 # open
read [0x00 0x00 0x00 0x17]                       # length: 23
read [0x02]                                      # data offset: 2
read [0x00]                                      # type: AMQP (0)
read [0x00 0x00]                                 # channel: 0
read [0x00 0x53 0x10]                            # performative: open
read [0xc0 0x0a 0x03]                            # arguments: size, count
read [0xa1 0x00]                                 #   container-id type, length, ""
read [0xa1 0x00]                                 #   hostname: ""
read [0x70 0x00 0x10 0x00 0x00]                  #   max-frame-size: 1048576

                                                 # begin
write [0x00 0x00 0x00 0x1f]                      # length: 31
write [0x02]                                     # data offset: 2
write [0x00]                                     # type: AMQP (0)
write [0x00 0x00]                                # channel: 0
write [0x00 0x53 0x11]                           # performative: begin
write [0xc0 0x12 0x05]                           # arguments: size, count
write [0x40]                                     #   remote channel: null
write [0x43]                                     #   next-outgoing-id: 0
write [0x70 0x00 0x00 0x08 0x00]                 #   incoming-window: 2048
write [0x70 0x00 0x00 0x08 0x00]                 #   outgoing-window: 2048
write [0x70 0xff 0xff 0xff 0xff]                 #   handle-max: 4294967295

                                                 # begin
read [0x00 0x00 0x00 0x1a]                       # length: 26
read [0x02]                                      # data offset: 2
read [0x00]                                      # type: AMQP (0)
read [0x00 0x00]                                 # channel: 0
read [0x00 0x53 0x11]                            # performative: begin
read [0xc0 0x0d 0x05]                            # arguments: size, count
read [0x60 0x00 0x00]                            #   remote channel: 0
read [0x52 0x01]                                 #   next-outgoing-id: 1
read [0x43]                                      #   incoming-window: 0
read [0x43]                                      #   outgoing-window: 0
read [0x70 0x00 0x00 0x04 0x00]                  #   handle-max: 1024

                                                 # attach
write [0x00 0x00 0x00 0xc6]                      # length: 198
write [0x02]                                     # data offset: 2
write [0x00]                                     # type: AMQP (0)
write [0x00 0x00]                                # channel: 0
write [0x00 0x53 0x12]                           # performative: attach
write [0xc0 0xb9 0x0a]                           # arguments: size, count
write [0xa1 0x35] "topic://topic-A<-"            #   name
write "fcf0809c-6937-11e4-b116-123b93f75cba"
write [0x43]                                     #   handle: 0
write [0x42]                                     #   role: sender (66)
write [0x50 0x00]                                #   send-settle-mode: unsettled (0)
write [0x50 0x00]                                #   receive-settle-mode: first (0)
write [0x00 0x53 0x28]                           #   source
write [0xc0 0x5c 0x0a]                           #     size, count
write [0xa1 0x24]                                #     address
write "fcf0809c-6937-11e4-b116-123b93f75cba"     #
write [0x40]                                     #     terminus-durable: null
write [0x40]                                     #     expiry-policy: null
write [0x40]                                     #     timeout: null
write [0x40]                                     #     dynamic: null
write [0x40]                                     #     dynamic-node-properties
write [0x40]                                     #     distribution-node: null
write [0x40]                                     #     filter
write [0x00 0x53 0x24]                           #   accepted
write [0x45]                                     #     empty
write [0xe0 0x28 0x02]                           #   outcomes: size, count
write [0xa3]
write [0x12] "amqp:accepted:list"                #     outcomes (sym8)
write [0x12] "amqp:rejected:list"                #     outcomes (sym8)
write [0x00 0x53 0x29]                           #   target
write [0xc0 0x12 0x01]                           #     size, count
write [0xa1 0x0f] "topic://topic-A"              #     address
write [0x40]                                     #   unsettled
write [0x40]                                     #   incomplete-unsettled
write [0x43]                                     #   initial-delivery-count

                                                 # attach
read [0x00 0x00 0x00 0xcf]                       # length: 207
read [0x02]                                      # data offset: 2
read [0x00]                                      # type: AMQP (0)
read [0x00 0x00]                                 # channel: 0
read [0x00 0x53 0x12]                            # performative: attach
read [0xc0 0xc2 0x07]                            # arguments: size, count
read [0xa1 0x35] "topic://topic-A<-"             #   name
read "fcf0809c-6937-11e4-b116-123b93f75cba"      #
read [0x43]                                      #   handle: 0
read [0x41]                                      #   role: receiver (65)
read [0x50 0x02]                                 #   send-settle-mode: mixed (2)
read [0x50 0x00]                                 #   receive-settle-mode: first (0)
read [0x00 0x53 0x28]                            #   source
read [0xc0 0x68 0x0a]                            #     size, count
read [0xa1 0x24]                                 #     address
read "fcf0809c-6937-11e4-b116-123b93f75cba"      #
read [0x43]                                      #     terminus-durable: 0
read [0xa3 0x0b] "session-end"                   #     expiry-policy: session-end
read [0x43]                                      #     timeout: 0
read [0x42]                                      #     dynamic: false
read [0x40]                                      #     dynamic-node-properties
read [0x40]                                      #     distribution-node: null
read [0x40]                                      #     filter
read [0x00 0x53 0x24]                            #   accepted
read [0x45]                                      #     empty
read [0xe0 0x28 0x02]                            #   outcomes: size, count
read [0xa3]
read [0x12] "amqp:accepted:list"                 #     outcomes (sym8)
read [0x12] "amqp:rejected:list"                 #     outcomes (sym8)
read [0x00 0x53 0x29]                            #   target
read [0xc0 0x12 0x01]                            #     size, count
read [0xa1 0x0f] "topic://topic-A"               #     address

                                                 # flow
read [0x00 0x00 0x00 0x1f]                       # length: 31
read [0x02]                                      # data offset: 2
read [0x00]                                      # type: AMQP (0)
read [0x00 0x00]                                 # channel: 0
read [0x00 0x53 0x13]                            # performative: flow
read [0xc0 0x12 0x07]                            # arguments: size, count
read [0x43]                                      #   next-incoming-id: 0
read [0x70 0x00 0x00 0x04 0x00]                  #   incoming-window: 1024
read [0x50 0x01]                                 #   next-outgoing-id: 1
read [0x70 0x00 0x00 0x04 0x00]                  #   outgoing-window: 1024
read [0x43]                                      #   handle: 0
read [0x43]                                      #   delivery-count: 0
read [0x52 0x64]                                 #   link-credit: 100

                                                 # detach
write [0x00 0x00 0x00 0x10]                      # length: 16
write [0x02]                                     # data offset: 2
write [0x00]                                     # type: AMQP (0)
write [0x00 0x00]                                # channel: 0
write [0x00 0x53 0x16]                           # performative: detach
write [0xc0 0x03 0x02]                           # arguments: size, count
write [0x43]                                     #   handle: 0
write [0x41]                                     #   closed: true

                                                 # detach
read [0x00 0x00 0x00 0x10]                       # length: 16
read [0x02]                                      # data offset: 2
read [0x00]                                      # type: AMQP (0)
read [0x00 0x00]                                 # channel: 0
read [0x00 0x53 0x16]                            # performative: detach
read [0xc0 0x03 0x02]                            # arguments: size, count
read [0x43]                                      #   handle: 0
read [0x41]                                      #   closed: true

                                                 # end
write [0x00 0x00 0x00 0x0e]                      # length: 14
write [0x02]                                     # data offset: 2
write [0x00]                                     # type: AMQP (0)
write [0x00 0x00]                                # channel: 0
write [0x00 0x53 0x17]                           # performative: end
write [0xc0 0x01 0x00]                           # arguments: size, count

                                                 # end
read [0x00 0x00 0x00 0x0e]                       # length: 14
read [0x02]                                      # data offset: 2
read [0x00]                                      # type: AMQP (0)
read [0x00 0x00]                                 # channel: 0
read [0x00 0x53 0x17]                            # performative: end
read [0xc0 0x01 0x00]                            # arguments: size, count

                                                 # close
write [0x00 0x00 0x00 0x0e]                      # length: 14
write [0x02]                                     # data offset: 2
write [0x00]                                     # type: AMQP (0)
write [0x00 0x00]                                # channel: 0
write [0x00 0x53 0x18]                           # performative: close
write [0xc0 0x01 0x00]                           # arguments: size, count

                                                 # close
read [0x00 0x00 0x00 0x0e]                       # length: 14
read [0x02]                                      # data offset: 2
read [0x00]                                      # type: AMQP (0)
read [0x00 0x00]                                 # channel: 0
read [0x00 0x53 0x18]                            # performative: close
read [0xc0 0x01 0x00]                            # arguments: size, count

close
closed
