#
# Copyright 2007-2015, Kaazing Corporation. All rights reserved.
#
# Licensed under the Apache License, Version 2.0 (the "License");
# you may not use this file except in compliance with the License.
# You may obtain a copy of the License at
#
# http://www.apache.org/licenses/LICENSE-2.0
#
# Unless required by applicable law or agreed to in writing, software
# distributed under the License is distributed on an "AS IS" BASIS,
# WITHOUT WARRANTIES OR CONDITIONS OF ANY KIND, either express or implied.
# See the License for the specific language governing permissions and
# limitations under the License.
#

property realm "example.com"
property nonce "adl7W7PeDU4hKE72jdaQvbAMcr6h39sm"
property acceptURI "tcp://localhost:3478"

accept ${acceptURI}
accepted
connected

##Allocation request
read [0x00] [0x03] [0x00] [0x14] #Type|MessageLength
read [0x21] [0x12] [0xa4] [0x42] #Magic cookie
read ([0..12]:transactionID)
#Attributes
read [0x00] [0x0d] [0x00] [0x04]
read [0x00] [0x00] [0x0e] [0x10]
#Attributes
read [0x00] [0x19] [0x00] [0x01]
read [0x11] [0x00] [0x00] [0x00]
#Attributes
read [0x00] [0x1a] [0x00] [0x04]

##400 Allocation error response
#STUN Header
write [0x01] [0x13] [0x00] [0x14] #Type|Length
write [0x21] [0x12] [0xa4] [0x42] #Magic Cookie
write ${transactionID}
#Attribute ERROR-CODE
write [0x00] [0x09] [0x00] [0x0f]
write [0x00] [0x00] [0x04] [0x00]
write "Bad Request" [0x00]



