#
# Copyright 2007-2015, Kaazing Corporation. All rights reserved.
#
# Licensed under the Apache License, Version 2.0 (the "License");
# you may not use this file except in compliance with the License.
# You may obtain a copy of the License at
#
# http://www.apache.org/licenses/LICENSE-2.0
#
# Unless required by applicable law or agreed to in writing, software
# distributed under the License is distributed on an "AS IS" BASIS,
# WITHOUT WARRANTIES OR CONDITIONS OF ANY KIND, either express or implied.
# See the License for the specific language governing permissions and
# limitations under the License.
#

property warning "\"Missing mandatory HTTP/1.1 header 'Host'\" "
property date "\"Mon, 1 Jan 2015 01:23:45 GMT\""

accept http://localhost:8000/index.html
accepted
connected

read method "GET"
read version "HTTP/1.1"

write status "400" "Bad Request"
write header "Warning" "199 - " ${warning} ${date}
write header content-length
write close

