# ideally this would be http based so the reads would be consistent
connect tcp://localhost:8080
connected
write "GET /request1 HTTP/1.1" "\r\n"
write "Host: localhost:8080" "\r\n"
write "Connection: close" "\r\n"
write "\r\n"

write "GET /request2 HTTP/1.1" "\r\n"
write "Host: localhost:8080" "\r\n"
write "Connection: close" "\r\n"
write "\r\n"

write "GET /request3 HTTP/1.1" "\r\n"
write "Host: localhost:8080" "\r\n"
write "Connection: close" "\r\n"
write "\r\n"


read "HTTP/1.1 200 OK\r\n"
read "Content-Length: 8\r\n"
read "\r\n"
read "request1"

read "HTTP/1.1 200 OK\r\n"
read "Content-Length: 8\r\n"
read "\r\n"
read "request2"

read "HTTP/1.1 200 OK\r\n"
read "Content-Length: 8\r\n"
read "\r\n"
read "request3"

close 
closed

