connect http://localhost:8000/index.html
connected

write method "GET"
write version "HTTP/1.1"
write header host
write header content-length
write flush

read status "200" "OK"
read header "Last-Modified" /(?<lastModified>.+)/
read notify LAST_MODIFIED

connect http://localhost:8000/index.html
connected

write await LAST_MODIFIED
write method "PUT"
write version "HTTP/1.1"
write header host
write header "If-Unmodified-Since" ${lastModified}
write header content-length
write flush

read status "412" "Precondition failed"
