#
# Copyright 2007-2015, Kaazing Corporation. All rights reserved.
#
# Licensed under the Apache License, Version 2.0 (the "License");
# you may not use this file except in compliance with the License.
# You may obtain a copy of the License at
#
# http://www.apache.org/licenses/LICENSE-2.0
#
# Unless required by applicable law or agreed to in writing, software
# distributed under the License is distributed on an "AS IS" BASIS,
# WITHOUT WARRANTIES OR CONDITIONS OF ANY KIND, either express or implied.
# See the License for the specific language governing permissions and
# limitations under the License.
#

property key ${ws:handshakeKey()}
property writeMask ${ws:randomBytes(4)}

connect "http://localhost:8001/echo"
connected

write http:method "GET"
write http:version "HTTP/1.1"
write http:host
write http:header "Upgrade" "websocket"
write http:header "Connection" "Upgrade"
write http:header "Sec-WebSocket-Key" ${key}
write http:header "Sec-WebSocket-Version" "13"
write http:header "Sec-WebSocket-Extensions" "x-kaazing-idle-timeout,x-kaazing-ping-pong"

read http:status "101" /.+/
read http:version "HTTP/1.1"
read http:header "Upgrade" /(?i:websocket)/
read http:header "Connection" /(?i:Upgrade)/
read http:header "Sec-WebSocket-Accept" ${ws:handshakeHash(key)}
read http:header "Sec-WebSocket-Extensions" "x-kaazing-idle-timeout; timeout=2000"
read http:header "Sec-WebSocket-Extensions" "x-kaazing-ping-pong; 01010102"

################################################################
# Send random data from client at regular intervals so server does not ping

write await SEND_ONE
# Send random data from client
write [0x82 0x82] ${writeMask}
write option mask ${writeMask}
write [0x11 0x11]
write option mask [0x00 0x00 0x00 0x00]
################################################################
write await SEND_TWO
# Send random data from client
write [0x82 0x82] ${writeMask}
write option mask ${writeMask}
write [0x11 0x11]
write option mask [0x00 0x00 0x00 0x00]

# Expect extended PONG @ SEND_TWO
read [0x81 0x06 0x01 0x01 0x01 0x02 0x0a 0x00]
################################################################
write await SEND_THREE
# Send random data from client
write [0x82 0x82] ${writeMask}
write option mask ${writeMask}
write [0x11 0x11]
write option mask [0x00 0x00 0x00 0x00]
################################################################
write await SEND_FOUR
# Send random data from client
write [0x82 0x82] ${writeMask}
write option mask ${writeMask}
write [0x11 0x11]
write option mask [0x00 0x00 0x00 0x00]

# Expect extended PONG @ SEND_FOUR
read [0x81 0x06 0x01 0x01 0x01 0x02 0x0a 0x00]
################################################################

# Do clean close
write [0x88 0x80] ${writeMask}
read [0x88 0x00]

closed
