#
# Copyright 2007-2015, Kaazing Corporation. All rights reserved.
#
# Licensed under the Apache License, Version 2.0 (the "License");
# you may not use this file except in compliance with the License.
# You may obtain a copy of the License at
#
# http://www.apache.org/licenses/LICENSE-2.0
#
# Unless required by applicable law or agreed to in writing, software
# distributed under the License is distributed on an "AS IS" BASIS,
# WITHOUT WARRANTIES OR CONDITIONS OF ANY KIND, either express or implied.
# See the License for the specific language governing permissions and
# limitations under the License.
#

property upstreamId ${wse:uniqueId()}
property downstreamId ${wse:uniqueId()}
property upstream ${wse:append("http://localhost:8080/path/", upstreamId)}
property downstream ${wse:append("http://localhost:8080/path/", downstreamId)}

accept http://localhost:8080/path/;e/cb?query
accepted
connected

read method "POST"
read version "HTTP/1.1"
read header "Origin" "http://localhost:8080"
read header "X-WebSocket-Version" "wseb-1.0"
read header "X-Sequence-No" /(?<sequence>[0-9]{1,3})/
read closed

write status "201" "Created" 
write version "HTTP/1.1"
write header "Content-Type" "text/plain;charset=utf-8"
write header content-length

write ${upstream} "\n"
write ${downstream} "\n"
write close
