#
# Copyright 2007-2015, Kaazing Corporation. All rights reserved.
#
# Licensed under the Apache License, Version 2.0 (the "License");
# you may not use this file except in compliance with the License.
# You may obtain a copy of the License at
#
# http://www.apache.org/licenses/LICENSE-2.0
#
# Unless required by applicable law or agreed to in writing, software
# distributed under the License is distributed on an "AS IS" BASIS,
# WITHOUT WARRANTIES OR CONDITIONS OF ANY KIND, either express or implied.
# See the License for the specific language governing permissions and
# limitations under the License.
#

connect "http://localhost:8000/connections"
connected

write http:method "POST"
write http:header "Accept" "application/octet-stream"
write http:content-length
write http:header "X-Protocol" "bbosh/1.0"
write http:header "X-Accept-Strategy" "long-polling;interval=30s;requests=5"
write close

read http:status "201" "Created"
read http:header "Cache-Control" "no-cache"
read http:header "Content-Length" "0"
read http:header "Content-Type" "application/octet-stream"
read http:header "Location" "/connections/ac32fb3844fe11e4a183164230d1df67"
read http:header "X-Strategy" "long-polling;interval=30s;requests=2"
read closed
read notify CONNECT_ONE

connect "http://localhost:8000/connections/ac32fb3844fe11e4a183164230d1df67"
connected

write await CONNECT_ONE
write http:method "PUT"
write http:header "Accept" "application/octet-stream"
write http:header "Content-Type" "application/octet-stream"
write http:content-length
write http:header "X-Sequence-No" "1"
write "Hello,"
write close

read http:status "200" "OK"
# TODO: move this notify after write close above when we determine how to predictably sequence HTTP request *arrival*
read notify CONNECT_TWO
read http:header "Cache-Control" "no-cache"
read http:header "Content-Type" "application/octet-stream"
read http:header "Content-Length" "6"
read "Hello,"
read closed

connect "http://localhost:8000/connections/ac32fb3844fe11e4a183164230d1df67"
connected

write await CONNECT_TWO
write http:method "PUT"
write http:header "Accept" "application/octet-stream"
write http:header "Content-Type" "application/octet-stream"
write http:content-length
write http:header "X-Sequence-No" "2"
write " world"
write close

read http:status "404" "Closed"
read http:header "Cache-Control" "no-cache"
read http:header "Content-Type" "application/octet-stream"
read http:header "Content-Length" "6"
read " world"
read closed
