#
# Copyright 2007-2015, Kaazing Corporation. All rights reserved.
#
# Licensed under the Apache License, Version 2.0 (the "License");
# you may not use this file except in compliance with the License.
# You may obtain a copy of the License at
#
# http://www.apache.org/licenses/LICENSE-2.0
#
# Unless required by applicable law or agreed to in writing, software
# distributed under the License is distributed on an "AS IS" BASIS,
# WITHOUT WARRANTIES OR CONDITIONS OF ANY KIND, either express or implied.
# See the License for the specific language governing permissions and
# limitations under the License.
#

accept tcp://localhost:8080
accepted
connected

##1
read [0x16]
read [0x03] [0x03]
read [0x00] [0x2a]

read [0x01]
read [0x00] [0x00] [0x26]
read [0x03] [0x03]
read ([0..4]:unixTime) ([0..28]:randomBytes)
read [0x00]
read [0x00] [0x00]
read [0x00]

##2
#Content Type
write [0x16]
[0x03] [0x03]
[0x00] [0x2a]

#Body Server Hello
[0x02]
[0x00] [0x00] [0x26]
[0x03] [0x03]
${tls:gmt_unix_time()} ${tls:randomBytesUTF8(28)}
[0x00]
[0x00] [0x00]
[0x00]

#Content Type
write [0x16]
[0x03] [0x03]
[0x00] [0x07]
#Body Certificate
[0x0b]
[0x00] [0x00] [0x03]
[0x00] [0x00] [0x00]

#Content Type
write [0x16]
[0x03] [0x03]
[0x00] [0x04]
#Body Server Key Exchange
[0x0c]
[0x00] [0x00] [0x00]

#Content Type
write [0x16]
[0x03] [0x03]
[0x00] [0x13]
#Body Certificate Request
[0x0d]
[0x00] [0x00] [0x0f]
[0x01]
[0x01]
[0x30] [0x0d] [0x06] [0x09] #Signature Algorithm
[0x2a] [0x86] [0x48] [0x86] [0xf7] [0x0d] [0x01] [0x01] [0x0b]

#Content Type
write [0x16]
[0x03] [0x03]
[0x00] [0x04]
#Body Server Hello Done
[0x0e]
[0x00] [0x00] [0x00]

##3
read [0x16]
read [0x03] [0x03]
read [0x00] [0x07]
read [0x0b]
read [0x00] [0x00] [0x03]
read [0x00] [0x00] [0x00]

read [0x16]
read [0x03] [0x03]
read [0x00] [0x04]
read [0x10]
read [0x00] [0x00] [0x00]

closed




