#
# Copyright 2007-2015, Kaazing Corporation. All rights reserved.
#
# Licensed under the Apache License, Version 2.0 (the "License");
# you may not use this file except in compliance with the License.
# You may obtain a copy of the License at
#
# http://www.apache.org/licenses/LICENSE-2.0
#
# Unless required by applicable law or agreed to in writing, software
# distributed under the License is distributed on an "AS IS" BASIS,
# WITHOUT WARRANTIES OR CONDITIONS OF ANY KIND, either express or implied.
# See the License for the specific language governing permissions and
# limitations under the License.
#

accept http://localhost:8000/path
accepted
connected

read method "GET"
read version "HTTP/1.1"
read header "Content-Type" "application/x-message-http"
read header "X-Next-Protocol" "httpxe/1.1"
read "GET /path HTTP/1.1\r\n"
     "Content-Length: 0\r\n"
     "\r\n"
read closed

write status "200" "OK"
write header "Content-Type" "text/plain"
write header content-length
write "HTTP/1.1 201 Created\r\n"
      "Content-Type: text/html\r\n"
write flush
