accept http://localhost:8001/echo
accepted
connected

read method "GET"
read version "HTTP/1.1"
read header "Host" "localhost:8001"
read header "Upgrade" /(?i:websocket)/
read header "Connection" /(?i:Upgrade)/
read header "Sec-WebSocket-Key" /(?<key>[a-zA-Z0-9+\/=]{24})/
read header "Sec-WebSocket-Version" "13"
read header "Sec-WebSocket-Extensions" "x-kaazing-ping-pong"

write status "101" "Switching Protocols"
write version "HTTP/1.1"
write header "Upgrade" "websocket"
write header "Connection" "Upgrade"
write header "Sec-WebSocket-Accept" ${ws:handshakeHash(key)}
write header "Sec-WebSocket-Extensions" "x-kaazing-ping-pong; 01010102"

# Expect a text message starting with the control bytes and followed by "ABC" 
# Start with the escape frame. Unmasked form is [0x81 0x04 0x01 0x01 0x01 0x02]
read [0x81 0x84] ([0..4] :readMask)
read option mask ${readMask}
read [0x01 0x01 0x01 0x02]
read option mask [0x00 0x00 0x00 0x00]

# Expect the actual frame
read [0x81 0x87 0x10 0x10 0x10 0x10 0x11 0x11 0x11 0x12 0x51 0x52 0x53]

# Send echoed response, starting with the escape frame
write [0x81 0x04 0x01 0x01 0x01 0x02]
write [0x81 0x07 0x01 0x01 0x01 0x02]
write "ABC"

# Clean close from client (masked)
read [0x88 0x80] [0..4]
write [0x88 0x00]

close
closed
