#
# Copyright 2007-2015, Kaazing Corporation. All rights reserved.
#
# Licensed under the Apache License, Version 2.0 (the "License");
# you may not use this file except in compliance with the License.
# You may obtain a copy of the License at
#
# http://www.apache.org/licenses/LICENSE-2.0
#
# Unless required by applicable law or agreed to in writing, software
# distributed under the License is distributed on an "AS IS" BASIS,
# WITHOUT WARRANTIES OR CONDITIONS OF ANY KIND, either express or implied.
# See the License for the specific language governing permissions and
# limitations under the License.
#

property location 'http://localhost:8080/echo'
accept ${location}
accepted
connected

read method "GET"
read version "HTTP/1.1"
read header "Host" "localhost:8080"
read header "Upgrade" /(?i:websocket)/
read header "Connection" /(?i:Upgrade)/
read header "Sec-WebSocket-Key" /(?<key>[a-zA-Z0-9+\/=]{24})/
read header "Sec-WebSocket-Version" "13"

write status "101" "Switching Protocols"
write version "HTTP/1.1"
write header "Upgrade" "websocket"
write header "Connection" "Upgrade"
write header "Sec-WebSocket-Accept" ${ws:handshakeHash(key)}

read [0x02 0x99] ([0..4] :readMaskA)
read option mask ${readMaskA}
read ([0..25] :server25a)
read option mask [0x00 0x00 0x00 0x00]

read [0x00 0x99] ([0..4] :readMaskB)
read option mask ${readMaskB}
read ([0..25] :server25b)
read option mask [0x00 0x00 0x00 0x00]

read [0x00 0x99] ([0..4] :readMaskC)
read option mask ${readMaskC}
read ([0..25] :server25c)
read option mask [0x00 0x00 0x00 0x00]

read [0x00 0x99] ([0..4] :readMaskD)
read option mask ${readMaskD}
read ([0..25] :server25d)
read option mask [0x00 0x00 0x00 0x00]

read [0x80 0x99] ([0..4] :readMaskE)
read option mask ${readMaskE}
read ([0..25] :server25e)
read option mask [0x00 0x00 0x00 0x00]

write [0x82 0x7d] ${server25a} ${server25b} ${server25c} ${server25d} ${server25e}
