property upstream ${wse:uniqueUri("http://localhost:8080/path/")}
property downstream ${wse:uniqueUri("http://localhost:8080/path/")}

accept http://localhost:8080/path/;e/cb?query
accepted
connected

read method "POST"
read version "HTTP/1.1"
read header "X-WebSocket-Version" "wseb-1.1"
read header "X-Sequence-No" /(?<sequence>[0-9]{1,3})/
read closed

write status "201" "Created" 
write version "HTTP/1.1"
write header "X-WebSocket-Version" "wseb-1.1"
write header "Content-Type" "text/plain;charset=utf-8"
write header content-length

write ${upstream} "\n"
write ${downstream} "\n"
write close

# Downstream
accept ${downstream}
accepted
connected

read method "GET"
read version "HTTP/1.1"
read header "X-Sequence-No" ${wse:asString(sequence + 1)}
read closed

write status "200" "OK"
write version "HTTP/1.1"
write header "Content-Type" "application/octet-stream"
write header "Connection" "close"
write flush

write [0x01 0x30 0x32 0xFF]
write [0x01 0x30 0x31 0xFF]
write close


# Upstream
accept ${upstream}
accepted
connected

read method "POST"
read version "HTTP/1.1"
read header "Content-Type" "application/octet-stream"
read header "X-Sequence-No" ${wse:asString(sequence + 1)}

read [0x01 0x30 0x32 0xFF]
read [0x01 0x30 0x31 0xFF]
read closed

write status "200" "OK"
write version "HTTP/1.1"
write header content-length
write close
