property key ${ws:handshakeKey()}

connect http://localhost:8080/echo
connected

write method "GET"
write version "HTTP/1.1"
write header host
write header "Upgrade" "websocket"
write header "Connection" "Upgrade"
write header "Sec-WebSocket-Key" ${key}
write header "Sec-WebSocket-Version" "13"

read status "101" /.+/
read version "HTTP/1.1"
read header "Upgrade" /(?i:websocket)/
read header "Connection" /(?i:Upgrade)/
read header "Sec-WebSocket-Accept" ${ws:handshakeHash(key)}

read [0x02 0x00]
read [0x00 0x00]
read [0x00 0x00]
read [0x00 0x00]
read [0x80 0x00]

write [0x82 0x00]
read [0x82 0x00]