property key ${ws:handshakeKey()}

connect http://localhost:8080/echo
connected

write method "GET"
write version "HTTP/1.1"
write header host
write header "Upgrade" "websocket"
write header "Connection" "Upgrade"
write header "Sec-WebSocket-Key" ${key}
write header "Sec-WebSocket-Version" "13"

read status "101" /.+/
read version "HTTP/1.1"
read header "Upgrade" /(?i:websocket)/
read header "Connection" /(?i:Upgrade)/
read header "Sec-WebSocket-Accept" ${ws:handshakeHash(key)}

read [0x01 0x19]
read ([0..25] :client25)

read [0x00 0x64]
read ([0..100] :client100)

write [0x81 0x7d] ${client25} ${client100}
read [0x81 0x7d]
