accept http://localhost:8080/path/;e/cte?query
accepted
connected

read method "POST"
read version "HTTP/1.1"
read header "X-WebSocket-Version" "wseb-1.1"
read header "X-Sequence-No" /(?<sequence>[0-9]{1,3})/
read closed

write status "201" "Created" 
write version "HTTP/1.1"
write header "X-WebSocket-Version" "wseb-1.1"
write header "Content-Type" "text/plain;charset=utf-8"
write header content-length

write "http://localhost:8080/path/QD12TQhXT6I5KeCrDe6g0IC9qoDkIioh\n"
write "http://localhost:8080/path/T4hpc2vqXueYRyyl3dIQw5K64XLQxuf1\n"
write notify CREATE_COMPLETED
write close

# Downstream
accept http://localhost:8080/path/T4hpc2vqXueYRyyl3dIQw5K64XLQxuf1
accepted
connected

read await CREATE_COMPLETED
read method "GET"
read version "HTTP/1.1"
read header "X-Sequence-No" ${wse:asString(sequence + 1)}
read closed

write status "200" "OK"
write version "HTTP/1.1"
write header "Content-Type" "text/plain;charset=windows-1252"
write header "Connection" "close"
write flush

write await DATA_RECEIVED
write [0x80 0x7F 0x3F]


# Upstream
accept http://localhost:8080/path/QD12TQhXT6I5KeCrDe6g0IC9qoDkIioh
accepted
connected

read await CREATE_COMPLETED
read method "POST"
read version "HTTP/1.1"
read header "Content-Type" "text/plain;charset=utf-8"
read header "X-Sequence-No" ${wse:asString(sequence + 1)}

read [0xC2 0x80 0x7F 0x3F]
read [0x01 0x30 0x31 0xC3 0xBF]
read notify DATA_RECEIVED
read closed

write status "200" "OK"
write version "HTTP/1.1"
write header content-length
write close
