#
# Copyright 2007-2015, Kaazing Corporation. All rights reserved.
#
# Licensed under the Apache License, Version 2.0 (the "License");
# you may not use this file except in compliance with the License.
# You may obtain a copy of the License at
#
# http://www.apache.org/licenses/LICENSE-2.0
#
# Unless required by applicable law or agreed to in writing, software
# distributed under the License is distributed on an "AS IS" BASIS,
# WITHOUT WARRANTIES OR CONDITIONS OF ANY KIND, either express or implied.
# See the License for the specific language governing permissions and
# limitations under the License.
#

property writeMask ${httpx:randomBytes(4)}
connect http://localhost:8080/auth
connected

write method "GET"
write version "HTTP/1.1"
write header host
write header "Upgrade" "websocket"
write header "Connection" "Upgrade"
write header "Sec-WebSocket-Key" "dGhlIHNhbXBsZSBub25jZQ=="
write header "Sec-WebSocket-Version" "13"
write header "Sec-WebSocket-Protocol" "x-kaazing-handshake"
write header "Sec-WebSocket-Extensions" "x-kaazing-idle-timeout"

read status "101" /.+/
read version "HTTP/1.1"
read header "Upgrade" "websocket"
read header "Connection" "Upgrade"
read header "Sec-WebSocket-Accept" "s3pPLMBiTxaQ9kYGzzhZRbK+xOo="
read header "Sec-WebSocket-Protocol" "x-kaazing-handshake"
read header "Sec-WebSocket-Extensions" "x-kaazing-idle-timeout"
read header "Server" /.+/
read header "Date" /.+/

write [0x82 0xc8] ${writeMask}
write option mask ${writeMask}
write "GET /auth HTTP/1.1\r\n"
write "Sec-WebSocket-Extensions: x-kaazing-idle-timeout\r\n" #Example Extension
write "\r\n"
write option mask [0x00 0x00 0x00 0x00]

# 401 Challenge
read [0x82 0x7E 0x00 0xd6]
read "HTTP/1.1 401 Unauthorized\r\n"
read "Content-Type: text/html\r\n"
read "WWW-Authenticate: Application Basic realm=\"Kaazing WebSocket Gateway Demo\"\r\n"
read "Content-Length: 64\r\n"
read "\r\n"
read "<html><head></head><body><h1>401 Unauthorized</h1></body></html>"

# 401 Challenge Response
write [0x82 0xEF] ${writeMask}
write option mask ${writeMask}
write "GET /auth HTTP/1.1\r\n"
write "Authorization: Basic am9lOndlbGNvbWU=\r\n"
write "Sec-WebSocket-Extensions: x-kaazing-idle-timeout\r\n"
write "\r\n"
write option mask [0x00 0x00 0x00 0x00]

read [0x88 0x02 0x03 0xf3]

write [0x88 0x02] ${writeMask}
write option mask ${writeMask}
write [0x03 0xf3]
write option mask [0x00 0x00 0x00 0x00]
