#
# Copyright 2007-2015, Kaazing Corporation. All rights reserved.
#
# Licensed under the Apache License, Version 2.0 (the "License");
# you may not use this file except in compliance with the License.
# You may obtain a copy of the License at
#
# http://www.apache.org/licenses/LICENSE-2.0
#
# Unless required by applicable law or agreed to in writing, software
# distributed under the License is distributed on an "AS IS" BASIS,
# WITHOUT WARRANTIES OR CONDITIONS OF ANY KIND, either express or implied.
# See the License for the specific language governing permissions and
# limitations under the License.
#

property location 'http://localhost:8080/echo'
property key ${ws:handshakeKey()}
property writeMaskA ${ws:randomBytes(4)}
property writeMaskB ${ws:randomBytes(4)}
property writeMaskC ${ws:randomBytes(4)}
property writeMaskP ${ws:randomBytes(4)}
property writeMaskD ${ws:randomBytes(4)}
property writeMaskE ${ws:randomBytes(4)}

connect ${location}
connected

write method "GET"
write version "HTTP/1.1"
write header host
write header "Upgrade" "websocket"
write header "Connection" "Upgrade"
write header "Sec-WebSocket-Key" ${key}
write header "Sec-WebSocket-Version" "13"

read status "101" /.+/
read version "HTTP/1.1"
read header "Upgrade" /(?i:websocket)/
read header "Connection" /(?i:Upgrade)/
read header "Sec-WebSocket-Accept" ${ws:handshakeHash(key)}

write [0x02 0x80] ${writeMaskA}
write [0x00 0x80] ${writeMaskB}
write [0x00 0x80] ${writeMaskC}
write [0x89 0x80] ${writeMaskP}
write [0x00 0x80] ${writeMaskD}
write [0x80 0x80] ${writeMaskE}

read [0x8a 0x00]
read [0x82 0x00]
