connect http://localhost:8000/index.html
connected

write method "GET"
write version "HTTP/1.1"
write header host
write header content-length
write flush

read status "200" /.*/
read header "Last-Modified" /.+/
read header "Expires" /.+/
read notify EXPIRES

connect await EXPIRES
connect http://localhost:8000/index.html
connected

write method "GET"
write version "HTTP/1.1"
write header host
write header "Pragma" "no-cache"
write header content-length
write flush

read status "200" /.*/
read header "Last-Modified" /.+/
read header "Expires" /.+/
read closed
