property lastModified "Mon, 1 Jan 2015 01:23:45 GMT"
property dateForFirstResponse "Wed, 18 Nov 2015 01:10:45 GMT"
property expiresFirstResponse "Wed, 18 Nov 2015 01:10:55 GMT"
property dateForSecondResponse "Wed, 18 Nov 2015 01:10:50 GMT"
property expiresSecondResponse "Wed, 18 Nov 2015 01:11:10 GMT"

accept http://localhost:8000/index.html
accepted
connected

read method "GET"
read version "HTTP/1.1"
read header "Host" "localhost:8000"

write status "200" "OK"
write header "Date" ${dateForFirstResponse}
write header "Expires" ${expiresFirstResponse}
write header "Last-Modified" ${lastModified}
write header content-length
write flush

accepted
connected

read method "GET"
read version "HTTP/1.1"
read header "Host" "localhost:8000"
read header "Pragma" /.*/

write status "200" "OK"
write header "Date" ${dateForSecondResponse}
write header "Last-Modified" ${lastModified}
write header "Expires" ${expiresSecondResponse}
write header content-length
write flush

