#
# Copyright 2007-2015, Kaazing Corporation. All rights reserved.
#
# Licensed under the Apache License, Version 2.0 (the "License");
# you may not use this file except in compliance with the License.
# You may obtain a copy of the License at
#
# http://www.apache.org/licenses/LICENSE-2.0
#
# Unless required by applicable law or agreed to in writing, software
# distributed under the License is distributed on an "AS IS" BASIS,
# WITHOUT WARRANTIES OR CONDITIONS OF ANY KIND, either express or implied.
# See the License for the specific language governing permissions and
# limitations under the License.
#

property earlier "Wed, 18 Nov 2015 01:10:45 GMT"
property now "Wed, 18 Nov 2015 01:10:46 GMT"
property invalidExpires "Sun, 30 Feb 2015 01:10.56 GMT"
property expires "Wed, 18 Nov 2015 01:10.56 GMT"

accept "http://localhost:8000/index.html"
accepted
connected

read http:method "GET"
read http:version "HTTP/1.1"
read http:header "Host" "localhost:8000"

write http:status "200" "OK"
write http:header "Date" ${earlier}
write http:header "Expires" ${invalidExpires}
write http:content-length
write flush

accepted
connected

read http:method "GET"
read http:version "HTTP/1.1"
read http:header "Host" "localhost:8000"

write http:status "200" "OK"
write http:header "Date" ${now}
write http:header "Expires" ${expires}
write flush
