#
# Copyright 2007-2015, Kaazing Corporation. All rights reserved.
#
# Licensed under the Apache License, Version 2.0 (the "License");
# you may not use this file except in compliance with the License.
# You may obtain a copy of the License at
#
# http://www.apache.org/licenses/LICENSE-2.0
#
# Unless required by applicable law or agreed to in writing, software
# distributed under the License is distributed on an "AS IS" BASIS,
# WITHOUT WARRANTIES OR CONDITIONS OF ANY KIND, either express or implied.
# See the License for the specific language governing permissions and
# limitations under the License.
#

property connectURI "tcp://localhost:3478"
connect ${connectURI}
connected

##Allocation request
#STUN Message type | Message Length (***CONFIRM***)
write [0x00] [0x03] #Type
write [0x00] [0x00] #Length
#Magic Cookie (fixed required value 0x2112A442)
write [0x21] [0x12] [0xa4] [0x42]
#Transaction ID (96-bit identifier|unique)
write ${turn:generateTransactionId()}
write close


