accept http://localhost:8080/request1
accepted
connected
read method "GET"
read closed
write status "200" "OK"
write header content-length
write "request1"
write close

accept http://localhost:8080/request2
accepted
connected
read method "GET"
read closed
write status "200" "OK"
write header content-length
write "request2"
write close

accept http://localhost:8080/request3
accepted
connected
read method "GET"
read closed
write status "200" "OK"
write header content-length
write "request3"
write close
