#
# Copyright 2007-2015, Kaazing Corporation. All rights reserved.
#
# Licensed under the Apache License, Version 2.0 (the "License");
# you may not use this file except in compliance with the License.
# You may obtain a copy of the License at
#
# http://www.apache.org/licenses/LICENSE-2.0
#
# Unless required by applicable law or agreed to in writing, software
# distributed under the License is distributed on an "AS IS" BASIS,
# WITHOUT WARRANTIES OR CONDITIONS OF ANY KIND, either express or implied.
# See the License for the specific language governing permissions and
# limitations under the License.
#

accept tcp://localhost:8080
accepted
connected

##1
read [0x16]
[0x03] [0x03]
[0x00] [0x2a]

[0x01]
[0x00] [0x00] [0x26]
[0x03] [0x03]
([0..4]:unixTime) ([0..28]:randomBytes)
[0x00]
[0x00] [0x00]
[0x00]

##2
#Content Type
write [0x16]
[0x03] [0x03]
[0x00] [0x2a]
#Body Server Hello
[0x02]
[0x00] [0x00] [0x26]
[0x03] [0x03]
${tls:gmt_unix_time()} ${tls:randomBytesUTF8(28)}
[0x00]
[0x00] [0x00]
[0x00]

#Certificate
write [0x16]
[0x03] [0x03]
[0x03] [0x51] #length
[0x0b]
[0x00] [0x03] [0x4d] #length
[0x00] [0x03] [0x4a] #length

#Certificate
[0x00] [0x03] [0x47] #length

[0x30] [0x82]
[0x03] [0x43] #length
[0x30] [0x82]
[0x02] [0x2b] #length
#Version *5 bytes*
[0xa0] [0x03] [0x02] [0x01] [0x02]
#Serial Number *6 bytes*
[0x02] [0x04] [0x55] [0x55] [0x55] [0x55]
#Signature *15 bytes*
[0x30] [0x0d] [0x06] [0x09]
[0x2a] [0x86] [0x48] [0x86] [0xf7] [0x0d] [0x01] [0x01] [0x0b]
[0x05] [0x00]

#Alert
read [0x15]
[0x03] [0x03]
[0x00] [0x02]

[0x02] [0x2a]

closed

