connect http://localhost:8000/resource
connected

write method "GET"
write version "HTTP/1.1"
write header content-length
write flush
write close

read status "200" "OK"
read header "Last-Modified" /(?<lastModified>.+)/
read notify LAST_MODIFIED
read closed

connect http://localhost:8000/resource
connected

write await LAST_MODIFIED
write method "GET"
write version "HTTP/1.1"
write header "If-Modified-Since" ${lastModified}
write header content-length
write flush
write close

read status "304" "Not Modified"
read header "ETag" /.+/
