#
# Copyright 2007-2015, Kaazing Corporation. All rights reserved.
#
# Licensed under the Apache License, Version 2.0 (the "License");
# you may not use this file except in compliance with the License.
# You may obtain a copy of the License at
#
# http://www.apache.org/licenses/LICENSE-2.0
#
# Unless required by applicable law or agreed to in writing, software
# distributed under the License is distributed on an "AS IS" BASIS,
# WITHOUT WARRANTIES OR CONDITIONS OF ANY KIND, either express or implied.
# See the License for the specific language governing permissions and
# limitations under the License.
#

property connectURI "tcp://localhost:3478"

# Workaround for error in K3PO when property is missing
property reqXorRelayedAddressIp 'not used'
property reqXorRelayedAddressPort 'not used'

connect ${connectURI}
connected


#ConnectionBind Request
#STUN Message type | Message Length
write [0x00 0x0b 0x00 0x54]
write [0x21 0x12 0xa4 0x42]
write [0x5e 0xcd 0xb5 0x24 0x8f 0xc9 0xf2 0x70 0x55 0x3f 0xd0 0x67]

#Attribute CONNECTION-ID
write [0x00 0x2a 0x00 0x04]
write [0xec 0x94 0xe0 0x00]

#Attribute USERNAME
write [0x00 0x06 0x00 0x0a]
write [0x31 0x34 0x37 0x36 0x33 0x35 0x33 0x33 0x34 0x33 0x00 0x00]

#Attribute NONCE
write [0x00 0x15 0x00 0x10]
write [0x65 0x37 0x66 0x34 0x63 0x39 0x36 0x65 0x66 0x36 0x31 0x33 0x63 0x65 0x36 0x36]

#Attribute REALM
write [0x00 0x14 0x00 0x04]
write [0x64 0x65 0x6d 0x6f]

#Attribute MESSAGE-INTEGRITY
write [0x00 0x08 0x00 0x14]
write [0x81 0x91 0xcb 0x70 0x21 0x15 0x49 0x9a 0x2a 0x9b 0x58 0xcc 0x7b 0x07 0x32 0x9f 0x1e 0xd5 0x56 0xbb]

#Attribute FINGERPRINT
write [0x80 0x28 0x00 0x04]
write [0xfc 0xf5 0xde 0x02]


#ConnectionBind Success Response
#STUN Message type | Message Length
read [0x01 0x0b 0x00 0x40]
read [0x21 0x12 0xa4 0x42]
read [0x5e 0xcd 0xb5 0x24 0x8f 0xc9 0xf2 0x70 0x55 0x3f 0xd0 0x67]

#Attribute SOFTWARE
read [0x80 0x22 0x00 0x1a]
read [0x43 0x6f 0x74 0x75 0x72 0x6e 0x2d 0x34 0x2e 0x35 0x2e 0x30 0x2e 0x33 0x20 0x27 0x64 0x61 0x6e 0x20 0x45 0x69 0x64 0x65 0x72 0x27 0x6e 0x20]

#Attribute MESSAGE-INTEGRITY
read [0x00 0x08 0x00 0x14]
read [0xc0 0x2b 0xf6 0xa3 0x88 0xa6 0xfb 0xd5 0xcd 0x66 0xd8 0x28 0x95 0xa9 0x9a 0x0f 0x0b 0x6f 0x63 0x44]

#Attribute FINGERPRINT
read [0x80 0x28 0x00 0x04]
read [0xd3 0xcd 0xe3 0xe0]


# Connection is now Bound, TURN messaging is no longer permitted. TCP data is sent without encapsulation.

write [0x00 0x00 0x00 0x00 0x07 0x07 0x07 0x07 0x4d 0x0e 0x00 0x00 0x00 0x00 0x00 0x00]
write [0x07 0x07 0x07 0x07 0x07 0x07 0x07 0x07 0x07 0x07 0x07 0x07 0x07 0x07 0x07 0x07]
write [0x07 0x07 0x07 0x07 0x07 0x07 0x07 0x07 0x07 0x07 0x07 0x07 0x07 0x07 0x07 0x07]
write [0x07 0x07 0x07 0x07 0x07 0x07 0x07 0x07 0x07 0x07 0x07 0x07 0x07 0x07 0x07 0x07]
write [0x07 0x07 0x07 0x07 0x07 0x07 0x07 0x07 0x07 0x07 0x07 0x07 0x07 0x07 0x07 0x07]
write [0x07 0x07 0x07 0x07 0x07 0x07 0x07 0x07 0x07 0x07 0x07 0x07 0x07 0x07 0x07 0x07]
write [0x07 0x07 0x07 0x07 0x07 0x07 0x07 0x07 0x07 0x07 0x07 0x07 0x07 0x07 0x07 0x07]
write [0x07 0x07 0x07 0x07 0x07 0x07 0x07 0x07 0x07 0x07 0x07 0x07 0x07 0x07 0x07 0x07]
write [0x07 0x07 0x07 0x07 0x07 0x07 0x07 0x07 0x07 0x07 0x07 0x07 0x07 0x07 0x07 0x07]
write [0x07 0x07 0x07 0x07 0x07 0x07 0x07 0x07 0x07 0x07 0x07 0x07 0x07 0x07 0x07 0x07]
write [0x07 0x07 0x07 0x07 0x07 0x07 0x07 0x07 0x07 0x07 0x07 0x07 0x07 0x07 0x07 0x07]
write [0x07 0x07 0x07 0x07 0x07 0x07 0x07 0x07 0x07 0x07 0x07 0x07 0x07 0x07 0x07 0x07]
write [0x07 0x07 0x07 0x07 0x07 0x07 0x07 0x07 0x07 0x07 0x07 0x07 0x07 0x07 0x07 0x07]
write [0x07 0x07 0x07 0x07 0x07 0x07 0x07 0x07 0x07 0x07 0x07 0x07 0x07 0x07 0x07 0x07]
write [0x07 0x07 0x07 0x07 0x07 0x07 0x07 0x07 0x07 0x07 0x07 0x07 0x07 0x07 0x07 0x07]
write [0x07 0x07 0x07 0x07 0x07 0x07 0x07 0x07 0x07 0x07 0x07 0x07 0x07 0x07 0x07 0x07]
write [0x07 0x07 0x07 0x07 0x07 0x07 0x07 0x07 0x07 0x07 0x07 0x07 0x07 0x07 0x07 0x07]
write [0x07 0x07 0x07 0x07 0x07 0x07 0x07 0x07 0x07 0x07 0x07 0x07 0x07 0x07 0x07 0x07]
write [0x07 0x07 0x07 0x07 0x07 0x07 0x07 0x07 0x07 0x07 0x07 0x07 0x07 0x07 0x07 0x07]
write [0x07 0x07 0x07 0x07 0x07 0x07 0x07 0x07 0x07 0x07 0x07 0x07 0x07 0x07 0x07 0x07]
write [0x07 0x07 0x07 0x07 0x07 0x07 0x07 0x07 0x07 0x07 0x07 0x07 0x07 0x07 0x07 0x07]
write [0x07 0x07 0x07 0x07 0x07 0x07 0x07 0x07 0x07 0x07 0x07 0x07 0x07 0x07 0x07 0x07]
write [0x07 0x07 0x07 0x07 0x07 0x07 0x07 0x07 0x07 0x07 0x07 0x07 0x07 0x07 0x07 0x07]
write [0x07 0x07 0x07 0x07 0x07 0x07 0x07 0x07 0x07 0x07 0x07 0x07 0x07 0x07 0x07 0x07]
write [0x07 0x07 0x07 0x07 0x07 0x07 0x07 0x07 0x07 0x07 0x07 0x07 0x07 0x07 0x07 0x07]
write [0x07 0x07 0x07 0x07 0x07 0x07 0x07 0x07 0x07 0x07 0x07 0x07 0x07 0x07 0x07 0x07]
write [0x07 0x07 0x07 0x07 0x07 0x07 0x07 0x07 0x07 0x07 0x07 0x07 0x07 0x07 0x07 0x07]
write [0x07 0x07 0x07 0x07 0x07 0x07 0x07 0x07 0x07 0x07 0x07 0x07 0x07 0x07 0x07 0x07]
write [0x07 0x07 0x07 0x07 0x07 0x07 0x07 0x07 0x07 0x07 0x07 0x07 0x07 0x07 0x07 0x07]
write [0x07 0x07 0x07 0x07 0x07 0x07 0x07 0x07 0x07 0x07 0x07 0x07 0x07 0x07 0x07 0x07]
write [0x07 0x07 0x07 0x07 0x07 0x07 0x07 0x07 0x07 0x07 0x07 0x07 0x07 0x07 0x07 0x07]
write [0x07 0x07 0x07 0x07 0x07 0x07 0x07 0x07 0x07 0x07 0x07 0x07 0x07 0x07 0x07 0x07]
write [0x07 0x07 0x07 0x07 0x07 0x07 0x07 0x07 0x07 0x07 0x07 0x07 0x07 0x07 0x07 0x07]
write [0x07 0x07 0x07 0x07 0x07 0x07 0x07 0x07 0x07 0x07 0x07 0x07 0x07 0x07 0x07 0x07]
write [0x07 0x07 0x07 0x07 0x07 0x07 0x07 0x07 0x07 0x07 0x07 0x07 0x07 0x07 0x07 0x07]
write [0x07 0x07 0x07 0x07 0x07 0x07 0x07 0x07 0x07 0x07 0x07 0x07 0x07 0x07 0x07 0x07]
write [0x07 0x07 0x07 0x07 0x07 0x07 0x07 0x07 0x07 0x07 0x07 0x07 0x07 0x07 0x07 0x07]
write [0x07 0x07 0x07 0x07 0x07 0x07 0x07 0x07 0x07 0x07 0x07 0x07 0x07 0x07 0x07 0x07]
write [0x07 0x07 0x07 0x07 0x07 0x07 0x07 0x07 0x07 0x07 0x07 0x07 0x07 0x07 0x07 0x07]
write [0x07 0x07 0x07 0x07 0x07 0x07 0x07 0x07 0x07 0x07 0x07 0x07 0x07 0x07 0x07 0x07]
write [0x07 0x07 0x07 0x07 0x07 0x07 0x07 0x07 0x07 0x07 0x07 0x07 0x07 0x07 0x07 0x07]
write [0x07 0x07 0x07 0x07 0x07 0x07 0x07 0x07 0x07 0x07 0x07 0x07 0x07 0x07 0x07 0x07]
write [0x07 0x07 0x07 0x07 0x07 0x07 0x07 0x07 0x07 0x07 0x07 0x07 0x07 0x07 0x07 0x07]
write [0x07 0x07 0x07 0x07 0x07 0x07 0x07 0x07 0x07 0x07 0x07 0x07 0x07 0x07 0x07 0x07]
write [0x07 0x07 0x07 0x07 0x07 0x07 0x07 0x07 0x07 0x07 0x07 0x07 0x07 0x07 0x07 0x07]
write [0x07 0x07 0x07 0x07 0x07 0x07 0x07 0x07 0x07 0x07 0x07 0x07 0x07 0x07 0x07 0x07]
write [0x07 0x07 0x07 0x07 0x07 0x07 0x07 0x07 0x07 0x07 0x07 0x07 0x07 0x07 0x07 0x07]
write [0x07 0x07 0x07 0x07 0x07 0x07 0x07 0x07 0x07 0x07 0x07 0x07 0x07 0x07 0x07 0x07]
write [0x07 0x07 0x07 0x07 0x07 0x07 0x07 0x07 0x07 0x07 0x07 0x07 0x07 0x07 0x07 0x07]
write [0x07 0x07 0x07 0x07 0x07 0x07 0x07 0x07 0x07 0x07 0x07 0x07 0x07 0x07 0x07 0x07]
write [0x07 0x07 0x07 0x07 0x07 0x07 0x07 0x07 0x07 0x07 0x07 0x07 0x07 0x07 0x07 0x07]
write [0x07 0x07 0x07 0x07 0x07 0x07 0x07 0x07 0x07 0x07 0x07 0x07 0x07 0x07 0x07 0x07]
write [0x07 0x07 0x07 0x07 0x07 0x07 0x07 0x07 0x07 0x07 0x07 0x07 0x07 0x07 0x07 0x07]
write [0x07 0x07 0x07 0x07 0x07 0x07 0x07 0x07 0x07 0x07 0x07 0x07 0x07 0x07 0x07 0x07]
write [0x07 0x07 0x07 0x07 0x07 0x07 0x07 0x07 0x07 0x07 0x07 0x07 0x07 0x07 0x07 0x07]
write [0x07 0x07 0x07 0x07 0x07 0x07 0x07 0x07 0x07 0x07 0x07 0x07 0x07 0x07 0x07 0x07]
write [0x07 0x07 0x07 0x07 0x07 0x07 0x07 0x07 0x07 0x07 0x07 0x07 0x07 0x07 0x07 0x07]
write [0x07 0x07 0x07 0x07 0x07 0x07 0x07 0x07 0x07 0x07 0x07 0x07 0x07 0x07 0x07 0x07]
write [0x07 0x07 0x07 0x07 0x07 0x07 0x07 0x07 0x07 0x07 0x07 0x07 0x07 0x07 0x07 0x07]
write [0x07 0x07 0x07 0x07 0x07 0x07 0x07 0x07 0x07 0x07 0x07 0x07 0x07 0x07 0x07 0x07]
write [0x07 0x07 0x07 0x07 0x07 0x07 0x07 0x07 0x07 0x07 0x07 0x07 0x07 0x07 0x07 0x07]
write [0x07 0x07 0x07 0x07 0x07 0x07 0x07 0x07 0x07 0x07 0x07 0x07 0x07 0x07 0x07 0x07]
write [0x07 0x07 0x07 0x07 0x07 0x07 0x07 0x07]

write [0x01 0x00 0x00 0x00 0x07 0x07 0x07 0x07 0x61 0x0e 0x00 0x00 0x00 0x00 0x00 0x00]
write [0x07 0x07 0x07 0x07 0x07 0x07 0x07 0x07 0x07 0x07 0x07 0x07 0x07 0x07 0x07 0x07]
write [0x07 0x07 0x07 0x07 0x07 0x07 0x07 0x07 0x07 0x07 0x07 0x07 0x07 0x07 0x07 0x07]
write [0x07 0x07 0x07 0x07 0x07 0x07 0x07 0x07 0x07 0x07 0x07 0x07 0x07 0x07 0x07 0x07]
write [0x07 0x07 0x07 0x07 0x07 0x07 0x07 0x07 0x07 0x07 0x07 0x07 0x07 0x07 0x07 0x07]
write [0x07 0x07 0x07 0x07 0x07 0x07 0x07 0x07 0x07 0x07 0x07 0x07 0x07 0x07 0x07 0x07]
write [0x07 0x07 0x07 0x07 0x07 0x07 0x07 0x07 0x07 0x07 0x07 0x07 0x07 0x07 0x07 0x07]
write [0x07 0x07 0x07 0x07 0x07 0x07 0x07 0x07 0x07 0x07 0x07 0x07 0x07 0x07 0x07 0x07]
write [0x07 0x07 0x07 0x07 0x07 0x07 0x07 0x07 0x07 0x07 0x07 0x07 0x07 0x07 0x07 0x07]
write [0x07 0x07 0x07 0x07 0x07 0x07 0x07 0x07 0x07 0x07 0x07 0x07 0x07 0x07 0x07 0x07]
write [0x07 0x07 0x07 0x07 0x07 0x07 0x07 0x07 0x07 0x07 0x07 0x07 0x07 0x07 0x07 0x07]
write [0x07 0x07 0x07 0x07 0x07 0x07 0x07 0x07 0x07 0x07 0x07 0x07 0x07 0x07 0x07 0x07]
write [0x07 0x07 0x07 0x07 0x07 0x07 0x07 0x07 0x07 0x07 0x07 0x07 0x07 0x07 0x07 0x07]
write [0x07 0x07 0x07 0x07 0x07 0x07 0x07 0x07 0x07 0x07 0x07 0x07 0x07 0x07 0x07 0x07]
write [0x07 0x07 0x07 0x07 0x07 0x07 0x07 0x07 0x07 0x07 0x07 0x07 0x07 0x07 0x07 0x07]
write [0x07 0x07 0x07 0x07 0x07 0x07 0x07 0x07 0x07 0x07 0x07 0x07 0x07 0x07 0x07 0x07]
write [0x07 0x07 0x07 0x07 0x07 0x07 0x07 0x07 0x07 0x07 0x07 0x07 0x07 0x07 0x07 0x07]
write [0x07 0x07 0x07 0x07 0x07 0x07 0x07 0x07 0x07 0x07 0x07 0x07 0x07 0x07 0x07 0x07]
write [0x07 0x07 0x07 0x07 0x07 0x07 0x07 0x07 0x07 0x07 0x07 0x07 0x07 0x07 0x07 0x07]
write [0x07 0x07 0x07 0x07 0x07 0x07 0x07 0x07 0x07 0x07 0x07 0x07 0x07 0x07 0x07 0x07]
write [0x07 0x07 0x07 0x07 0x07 0x07 0x07 0x07 0x07 0x07 0x07 0x07 0x07 0x07 0x07 0x07]
write [0x07 0x07 0x07 0x07 0x07 0x07 0x07 0x07 0x07 0x07 0x07 0x07 0x07 0x07 0x07 0x07]
write [0x07 0x07 0x07 0x07 0x07 0x07 0x07 0x07 0x07 0x07 0x07 0x07 0x07 0x07 0x07 0x07]
write [0x07 0x07 0x07 0x07 0x07 0x07 0x07 0x07 0x07 0x07 0x07 0x07 0x07 0x07 0x07 0x07]
write [0x07 0x07 0x07 0x07 0x07 0x07 0x07 0x07 0x07 0x07 0x07 0x07 0x07 0x07 0x07 0x07]
write [0x07 0x07 0x07 0x07 0x07 0x07 0x07 0x07 0x07 0x07 0x07 0x07 0x07 0x07 0x07 0x07]
write [0x07 0x07 0x07 0x07 0x07 0x07 0x07 0x07 0x07 0x07 0x07 0x07 0x07 0x07 0x07 0x07]
write [0x07 0x07 0x07 0x07 0x07 0x07 0x07 0x07 0x07 0x07 0x07 0x07 0x07 0x07 0x07 0x07]
write [0x07 0x07 0x07 0x07 0x07 0x07 0x07 0x07 0x07 0x07 0x07 0x07 0x07 0x07 0x07 0x07]
write [0x07 0x07 0x07 0x07 0x07 0x07 0x07 0x07 0x07 0x07 0x07 0x07 0x07 0x07 0x07 0x07]
write [0x07 0x07 0x07 0x07 0x07 0x07 0x07 0x07 0x07 0x07 0x07 0x07 0x07 0x07 0x07 0x07]
write [0x07 0x07 0x07 0x07 0x07 0x07 0x07 0x07 0x07 0x07 0x07 0x07 0x07 0x07 0x07 0x07]
write [0x07 0x07 0x07 0x07 0x07 0x07 0x07 0x07 0x07 0x07 0x07 0x07 0x07 0x07 0x07 0x07]
write [0x07 0x07 0x07 0x07 0x07 0x07 0x07 0x07 0x07 0x07 0x07 0x07 0x07 0x07 0x07 0x07]
write [0x07 0x07 0x07 0x07 0x07 0x07 0x07 0x07 0x07 0x07 0x07 0x07 0x07 0x07 0x07 0x07]
write [0x07 0x07 0x07 0x07 0x07 0x07 0x07 0x07 0x07 0x07 0x07 0x07 0x07 0x07 0x07 0x07]
write [0x07 0x07 0x07 0x07 0x07 0x07 0x07 0x07 0x07 0x07 0x07 0x07 0x07 0x07 0x07 0x07]
write [0x07 0x07 0x07 0x07 0x07 0x07 0x07 0x07 0x07 0x07 0x07 0x07 0x07 0x07 0x07 0x07]
write [0x07 0x07 0x07 0x07 0x07 0x07 0x07 0x07 0x07 0x07 0x07 0x07 0x07 0x07 0x07 0x07]
write [0x07 0x07 0x07 0x07 0x07 0x07 0x07 0x07 0x07 0x07 0x07 0x07 0x07 0x07 0x07 0x07]
write [0x07 0x07 0x07 0x07 0x07 0x07 0x07 0x07 0x07 0x07 0x07 0x07 0x07 0x07 0x07 0x07]
write [0x07 0x07 0x07 0x07 0x07 0x07 0x07 0x07 0x07 0x07 0x07 0x07 0x07 0x07 0x07 0x07]
write [0x07 0x07 0x07 0x07 0x07 0x07 0x07 0x07 0x07 0x07 0x07 0x07 0x07 0x07 0x07 0x07]
write [0x07 0x07 0x07 0x07 0x07 0x07 0x07 0x07 0x07 0x07 0x07 0x07 0x07 0x07 0x07 0x07]
write [0x07 0x07 0x07 0x07 0x07 0x07 0x07 0x07 0x07 0x07 0x07 0x07 0x07 0x07 0x07 0x07]
write [0x07 0x07 0x07 0x07 0x07 0x07 0x07 0x07 0x07 0x07 0x07 0x07 0x07 0x07 0x07 0x07]
write [0x07 0x07 0x07 0x07 0x07 0x07 0x07 0x07 0x07 0x07 0x07 0x07 0x07 0x07 0x07 0x07]
write [0x07 0x07 0x07 0x07 0x07 0x07 0x07 0x07 0x07 0x07 0x07 0x07 0x07 0x07 0x07 0x07]
write [0x07 0x07 0x07 0x07 0x07 0x07 0x07 0x07 0x07 0x07 0x07 0x07 0x07 0x07 0x07 0x07]
write [0x07 0x07 0x07 0x07 0x07 0x07 0x07 0x07 0x07 0x07 0x07 0x07 0x07 0x07 0x07 0x07]
write [0x07 0x07 0x07 0x07 0x07 0x07 0x07 0x07 0x07 0x07 0x07 0x07 0x07 0x07 0x07 0x07]
write [0x07 0x07 0x07 0x07 0x07 0x07 0x07 0x07 0x07 0x07 0x07 0x07 0x07 0x07 0x07 0x07]
write [0x07 0x07 0x07 0x07 0x07 0x07 0x07 0x07 0x07 0x07 0x07 0x07 0x07 0x07 0x07 0x07]
write [0x07 0x07 0x07 0x07 0x07 0x07 0x07 0x07 0x07 0x07 0x07 0x07 0x07 0x07 0x07 0x07]
write [0x07 0x07 0x07 0x07 0x07 0x07 0x07 0x07 0x07 0x07 0x07 0x07 0x07 0x07 0x07 0x07]
write [0x07 0x07 0x07 0x07 0x07 0x07 0x07 0x07 0x07 0x07 0x07 0x07 0x07 0x07 0x07 0x07]
write [0x07 0x07 0x07 0x07 0x07 0x07 0x07 0x07 0x07 0x07 0x07 0x07 0x07 0x07 0x07 0x07]
write [0x07 0x07 0x07 0x07 0x07 0x07 0x07 0x07 0x07 0x07 0x07 0x07 0x07 0x07 0x07 0x07]
write [0x07 0x07 0x07 0x07 0x07 0x07 0x07 0x07 0x07 0x07 0x07 0x07 0x07 0x07 0x07 0x07]
write [0x07 0x07 0x07 0x07 0x07 0x07 0x07 0x07 0x07 0x07 0x07 0x07 0x07 0x07 0x07 0x07]
write [0x07 0x07 0x07 0x07 0x07 0x07 0x07 0x07 0x07 0x07 0x07 0x07 0x07 0x07 0x07 0x07]
write [0x07 0x07 0x07 0x07 0x07 0x07 0x07 0x07 0x07 0x07 0x07 0x07 0x07 0x07 0x07 0x07]
write [0x07 0x07 0x07 0x07 0x07 0x07 0x07 0x07]


read [0x00 0x00 0x00 0x00 0x07 0x07 0x07 0x07 0x4d 0x0e 0x00 0x00 0x00 0x00 0x00 0x00]
read [0x07 0x07 0x07 0x07 0x07 0x07 0x07 0x07 0x07 0x07 0x07 0x07 0x07 0x07 0x07 0x07]
read [0x07 0x07 0x07 0x07 0x07 0x07 0x07 0x07 0x07 0x07 0x07 0x07 0x07 0x07 0x07 0x07]
read [0x07 0x07 0x07 0x07 0x07 0x07 0x07 0x07 0x07 0x07 0x07 0x07 0x07 0x07 0x07 0x07]
read [0x07 0x07 0x07 0x07 0x07 0x07 0x07 0x07 0x07 0x07 0x07 0x07 0x07 0x07 0x07 0x07]
read [0x07 0x07 0x07 0x07 0x07 0x07 0x07 0x07 0x07 0x07 0x07 0x07 0x07 0x07 0x07 0x07]
read [0x07 0x07 0x07 0x07 0x07 0x07 0x07 0x07 0x07 0x07 0x07 0x07 0x07 0x07 0x07 0x07]
read [0x07 0x07 0x07 0x07 0x07 0x07 0x07 0x07 0x07 0x07 0x07 0x07 0x07 0x07 0x07 0x07]
read [0x07 0x07 0x07 0x07 0x07 0x07 0x07 0x07 0x07 0x07 0x07 0x07 0x07 0x07 0x07 0x07]
read [0x07 0x07 0x07 0x07 0x07 0x07 0x07 0x07 0x07 0x07 0x07 0x07 0x07 0x07 0x07 0x07]
read [0x07 0x07 0x07 0x07 0x07 0x07 0x07 0x07 0x07 0x07 0x07 0x07 0x07 0x07 0x07 0x07]
read [0x07 0x07 0x07 0x07 0x07 0x07 0x07 0x07 0x07 0x07 0x07 0x07 0x07 0x07 0x07 0x07]
read [0x07 0x07 0x07 0x07 0x07 0x07 0x07 0x07 0x07 0x07 0x07 0x07 0x07 0x07 0x07 0x07]
read [0x07 0x07 0x07 0x07 0x07 0x07 0x07 0x07 0x07 0x07 0x07 0x07 0x07 0x07 0x07 0x07]
read [0x07 0x07 0x07 0x07 0x07 0x07 0x07 0x07 0x07 0x07 0x07 0x07 0x07 0x07 0x07 0x07]
read [0x07 0x07 0x07 0x07 0x07 0x07 0x07 0x07 0x07 0x07 0x07 0x07 0x07 0x07 0x07 0x07]
read [0x07 0x07 0x07 0x07 0x07 0x07 0x07 0x07 0x07 0x07 0x07 0x07 0x07 0x07 0x07 0x07]
read [0x07 0x07 0x07 0x07 0x07 0x07 0x07 0x07 0x07 0x07 0x07 0x07 0x07 0x07 0x07 0x07]
read [0x07 0x07 0x07 0x07 0x07 0x07 0x07 0x07 0x07 0x07 0x07 0x07 0x07 0x07 0x07 0x07]
read [0x07 0x07 0x07 0x07 0x07 0x07 0x07 0x07 0x07 0x07 0x07 0x07 0x07 0x07 0x07 0x07]
read [0x07 0x07 0x07 0x07 0x07 0x07 0x07 0x07 0x07 0x07 0x07 0x07 0x07 0x07 0x07 0x07]
read [0x07 0x07 0x07 0x07 0x07 0x07 0x07 0x07 0x07 0x07 0x07 0x07 0x07 0x07 0x07 0x07]
read [0x07 0x07 0x07 0x07 0x07 0x07 0x07 0x07 0x07 0x07 0x07 0x07 0x07 0x07 0x07 0x07]
read [0x07 0x07 0x07 0x07 0x07 0x07 0x07 0x07 0x07 0x07 0x07 0x07 0x07 0x07 0x07 0x07]
read [0x07 0x07 0x07 0x07 0x07 0x07 0x07 0x07 0x07 0x07 0x07 0x07 0x07 0x07 0x07 0x07]
read [0x07 0x07 0x07 0x07 0x07 0x07 0x07 0x07 0x07 0x07 0x07 0x07 0x07 0x07 0x07 0x07]
read [0x07 0x07 0x07 0x07 0x07 0x07 0x07 0x07 0x07 0x07 0x07 0x07 0x07 0x07 0x07 0x07]
read [0x07 0x07 0x07 0x07 0x07 0x07 0x07 0x07 0x07 0x07 0x07 0x07 0x07 0x07 0x07 0x07]
read [0x07 0x07 0x07 0x07 0x07 0x07 0x07 0x07 0x07 0x07 0x07 0x07 0x07 0x07 0x07 0x07]
read [0x07 0x07 0x07 0x07 0x07 0x07 0x07 0x07 0x07 0x07 0x07 0x07 0x07 0x07 0x07 0x07]
read [0x07 0x07 0x07 0x07 0x07 0x07 0x07 0x07 0x07 0x07 0x07 0x07 0x07 0x07 0x07 0x07]
read [0x07 0x07 0x07 0x07 0x07 0x07 0x07 0x07 0x07 0x07 0x07 0x07 0x07 0x07 0x07 0x07]
read [0x07 0x07 0x07 0x07 0x07 0x07 0x07 0x07 0x07 0x07 0x07 0x07 0x07 0x07 0x07 0x07]
read [0x07 0x07 0x07 0x07 0x07 0x07 0x07 0x07 0x07 0x07 0x07 0x07 0x07 0x07 0x07 0x07]
read [0x07 0x07 0x07 0x07 0x07 0x07 0x07 0x07 0x07 0x07 0x07 0x07 0x07 0x07 0x07 0x07]
read [0x07 0x07 0x07 0x07 0x07 0x07 0x07 0x07 0x07 0x07 0x07 0x07 0x07 0x07 0x07 0x07]
read [0x07 0x07 0x07 0x07 0x07 0x07 0x07 0x07 0x07 0x07 0x07 0x07 0x07 0x07 0x07 0x07]
read [0x07 0x07 0x07 0x07 0x07 0x07 0x07 0x07 0x07 0x07 0x07 0x07 0x07 0x07 0x07 0x07]
read [0x07 0x07 0x07 0x07 0x07 0x07 0x07 0x07 0x07 0x07 0x07 0x07 0x07 0x07 0x07 0x07]
read [0x07 0x07 0x07 0x07 0x07 0x07 0x07 0x07 0x07 0x07 0x07 0x07 0x07 0x07 0x07 0x07]
read [0x07 0x07 0x07 0x07 0x07 0x07 0x07 0x07 0x07 0x07 0x07 0x07 0x07 0x07 0x07 0x07]
read [0x07 0x07 0x07 0x07 0x07 0x07 0x07 0x07 0x07 0x07 0x07 0x07 0x07 0x07 0x07 0x07]
read [0x07 0x07 0x07 0x07 0x07 0x07 0x07 0x07 0x07 0x07 0x07 0x07 0x07 0x07 0x07 0x07]
read [0x07 0x07 0x07 0x07 0x07 0x07 0x07 0x07 0x07 0x07 0x07 0x07 0x07 0x07 0x07 0x07]
read [0x07 0x07 0x07 0x07 0x07 0x07 0x07 0x07 0x07 0x07 0x07 0x07 0x07 0x07 0x07 0x07]
read [0x07 0x07 0x07 0x07 0x07 0x07 0x07 0x07 0x07 0x07 0x07 0x07 0x07 0x07 0x07 0x07]
read [0x07 0x07 0x07 0x07 0x07 0x07 0x07 0x07 0x07 0x07 0x07 0x07 0x07 0x07 0x07 0x07]
read [0x07 0x07 0x07 0x07 0x07 0x07 0x07 0x07 0x07 0x07 0x07 0x07 0x07 0x07 0x07 0x07]
read [0x07 0x07 0x07 0x07 0x07 0x07 0x07 0x07 0x07 0x07 0x07 0x07 0x07 0x07 0x07 0x07]
read [0x07 0x07 0x07 0x07 0x07 0x07 0x07 0x07 0x07 0x07 0x07 0x07 0x07 0x07 0x07 0x07]
read [0x07 0x07 0x07 0x07 0x07 0x07 0x07 0x07 0x07 0x07 0x07 0x07 0x07 0x07 0x07 0x07]
read [0x07 0x07 0x07 0x07 0x07 0x07 0x07 0x07 0x07 0x07 0x07 0x07 0x07 0x07 0x07 0x07]
read [0x07 0x07 0x07 0x07 0x07 0x07 0x07 0x07 0x07 0x07 0x07 0x07 0x07 0x07 0x07 0x07]
read [0x07 0x07 0x07 0x07 0x07 0x07 0x07 0x07 0x07 0x07 0x07 0x07 0x07 0x07 0x07 0x07]
read [0x07 0x07 0x07 0x07 0x07 0x07 0x07 0x07 0x07 0x07 0x07 0x07 0x07 0x07 0x07 0x07]
read [0x07 0x07 0x07 0x07 0x07 0x07 0x07 0x07 0x07 0x07 0x07 0x07 0x07 0x07 0x07 0x07]
read [0x07 0x07 0x07 0x07 0x07 0x07 0x07 0x07 0x07 0x07 0x07 0x07 0x07 0x07 0x07 0x07]
read [0x07 0x07 0x07 0x07 0x07 0x07 0x07 0x07 0x07 0x07 0x07 0x07 0x07 0x07 0x07 0x07]
read [0x07 0x07 0x07 0x07 0x07 0x07 0x07 0x07 0x07 0x07 0x07 0x07 0x07 0x07 0x07 0x07]
read [0x07 0x07 0x07 0x07 0x07 0x07 0x07 0x07 0x07 0x07 0x07 0x07 0x07 0x07 0x07 0x07]
read [0x07 0x07 0x07 0x07 0x07 0x07 0x07 0x07 0x07 0x07 0x07 0x07 0x07 0x07 0x07 0x07]
read [0x07 0x07 0x07 0x07 0x07 0x07 0x07 0x07 0x07 0x07 0x07 0x07 0x07 0x07 0x07 0x07]
read [0x07 0x07 0x07 0x07 0x07 0x07 0x07 0x07]

read [0x01 0x00 0x00 0x00 0x07 0x07 0x07 0x07 0x61 0x0e 0x00 0x00 0x00 0x00 0x00 0x00]
read [0x07 0x07 0x07 0x07 0x07 0x07 0x07 0x07 0x07 0x07 0x07 0x07 0x07 0x07 0x07 0x07]
read [0x07 0x07 0x07 0x07 0x07 0x07 0x07 0x07 0x07 0x07 0x07 0x07 0x07 0x07 0x07 0x07]
read [0x07 0x07 0x07 0x07 0x07 0x07 0x07 0x07 0x07 0x07 0x07 0x07 0x07 0x07 0x07 0x07]
read [0x07 0x07 0x07 0x07 0x07 0x07 0x07 0x07 0x07 0x07 0x07 0x07 0x07 0x07 0x07 0x07]
read [0x07 0x07 0x07 0x07 0x07 0x07 0x07 0x07 0x07 0x07 0x07 0x07 0x07 0x07 0x07 0x07]
read [0x07 0x07 0x07 0x07 0x07 0x07 0x07 0x07 0x07 0x07 0x07 0x07 0x07 0x07 0x07 0x07]
read [0x07 0x07 0x07 0x07 0x07 0x07 0x07 0x07 0x07 0x07 0x07 0x07 0x07 0x07 0x07 0x07]
read [0x07 0x07 0x07 0x07 0x07 0x07 0x07 0x07 0x07 0x07 0x07 0x07 0x07 0x07 0x07 0x07]
read [0x07 0x07 0x07 0x07 0x07 0x07 0x07 0x07 0x07 0x07 0x07 0x07 0x07 0x07 0x07 0x07]
read [0x07 0x07 0x07 0x07 0x07 0x07 0x07 0x07 0x07 0x07 0x07 0x07 0x07 0x07 0x07 0x07]
read [0x07 0x07 0x07 0x07 0x07 0x07 0x07 0x07 0x07 0x07 0x07 0x07 0x07 0x07 0x07 0x07]
read [0x07 0x07 0x07 0x07 0x07 0x07 0x07 0x07 0x07 0x07 0x07 0x07 0x07 0x07 0x07 0x07]
read [0x07 0x07 0x07 0x07 0x07 0x07 0x07 0x07 0x07 0x07 0x07 0x07 0x07 0x07 0x07 0x07]
read [0x07 0x07 0x07 0x07 0x07 0x07 0x07 0x07 0x07 0x07 0x07 0x07 0x07 0x07 0x07 0x07]
read [0x07 0x07 0x07 0x07 0x07 0x07 0x07 0x07 0x07 0x07 0x07 0x07 0x07 0x07 0x07 0x07]
read [0x07 0x07 0x07 0x07 0x07 0x07 0x07 0x07 0x07 0x07 0x07 0x07 0x07 0x07 0x07 0x07]
read [0x07 0x07 0x07 0x07 0x07 0x07 0x07 0x07 0x07 0x07 0x07 0x07 0x07 0x07 0x07 0x07]
read [0x07 0x07 0x07 0x07 0x07 0x07 0x07 0x07 0x07 0x07 0x07 0x07 0x07 0x07 0x07 0x07]
read [0x07 0x07 0x07 0x07 0x07 0x07 0x07 0x07 0x07 0x07 0x07 0x07 0x07 0x07 0x07 0x07]
read [0x07 0x07 0x07 0x07 0x07 0x07 0x07 0x07 0x07 0x07 0x07 0x07 0x07 0x07 0x07 0x07]
read [0x07 0x07 0x07 0x07 0x07 0x07 0x07 0x07 0x07 0x07 0x07 0x07 0x07 0x07 0x07 0x07]
read [0x07 0x07 0x07 0x07 0x07 0x07 0x07 0x07 0x07 0x07 0x07 0x07 0x07 0x07 0x07 0x07]
read [0x07 0x07 0x07 0x07 0x07 0x07 0x07 0x07 0x07 0x07 0x07 0x07 0x07 0x07 0x07 0x07]
read [0x07 0x07 0x07 0x07 0x07 0x07 0x07 0x07 0x07 0x07 0x07 0x07 0x07 0x07 0x07 0x07]
read [0x07 0x07 0x07 0x07 0x07 0x07 0x07 0x07 0x07 0x07 0x07 0x07 0x07 0x07 0x07 0x07]
read [0x07 0x07 0x07 0x07 0x07 0x07 0x07 0x07 0x07 0x07 0x07 0x07 0x07 0x07 0x07 0x07]
read [0x07 0x07 0x07 0x07 0x07 0x07 0x07 0x07 0x07 0x07 0x07 0x07 0x07 0x07 0x07 0x07]
read [0x07 0x07 0x07 0x07 0x07 0x07 0x07 0x07 0x07 0x07 0x07 0x07 0x07 0x07 0x07 0x07]
read [0x07 0x07 0x07 0x07 0x07 0x07 0x07 0x07 0x07 0x07 0x07 0x07 0x07 0x07 0x07 0x07]
read [0x07 0x07 0x07 0x07 0x07 0x07 0x07 0x07 0x07 0x07 0x07 0x07 0x07 0x07 0x07 0x07]
read [0x07 0x07 0x07 0x07 0x07 0x07 0x07 0x07 0x07 0x07 0x07 0x07 0x07 0x07 0x07 0x07]
read [0x07 0x07 0x07 0x07 0x07 0x07 0x07 0x07 0x07 0x07 0x07 0x07 0x07 0x07 0x07 0x07]
read [0x07 0x07 0x07 0x07 0x07 0x07 0x07 0x07 0x07 0x07 0x07 0x07 0x07 0x07 0x07 0x07]
read [0x07 0x07 0x07 0x07 0x07 0x07 0x07 0x07 0x07 0x07 0x07 0x07 0x07 0x07 0x07 0x07]
read [0x07 0x07 0x07 0x07 0x07 0x07 0x07 0x07 0x07 0x07 0x07 0x07 0x07 0x07 0x07 0x07]
read [0x07 0x07 0x07 0x07 0x07 0x07 0x07 0x07 0x07 0x07 0x07 0x07 0x07 0x07 0x07 0x07]
read [0x07 0x07 0x07 0x07 0x07 0x07 0x07 0x07 0x07 0x07 0x07 0x07 0x07 0x07 0x07 0x07]
read [0x07 0x07 0x07 0x07 0x07 0x07 0x07 0x07 0x07 0x07 0x07 0x07 0x07 0x07 0x07 0x07]
read [0x07 0x07 0x07 0x07 0x07 0x07 0x07 0x07 0x07 0x07 0x07 0x07 0x07 0x07 0x07 0x07]
read [0x07 0x07 0x07 0x07 0x07 0x07 0x07 0x07 0x07 0x07 0x07 0x07 0x07 0x07 0x07 0x07]
read [0x07 0x07 0x07 0x07 0x07 0x07 0x07 0x07 0x07 0x07 0x07 0x07 0x07 0x07 0x07 0x07]
read [0x07 0x07 0x07 0x07 0x07 0x07 0x07 0x07 0x07 0x07 0x07 0x07 0x07 0x07 0x07 0x07]
read [0x07 0x07 0x07 0x07 0x07 0x07 0x07 0x07 0x07 0x07 0x07 0x07 0x07 0x07 0x07 0x07]
read [0x07 0x07 0x07 0x07 0x07 0x07 0x07 0x07 0x07 0x07 0x07 0x07 0x07 0x07 0x07 0x07]
read [0x07 0x07 0x07 0x07 0x07 0x07 0x07 0x07 0x07 0x07 0x07 0x07 0x07 0x07 0x07 0x07]
read [0x07 0x07 0x07 0x07 0x07 0x07 0x07 0x07 0x07 0x07 0x07 0x07 0x07 0x07 0x07 0x07]
read [0x07 0x07 0x07 0x07 0x07 0x07 0x07 0x07 0x07 0x07 0x07 0x07 0x07 0x07 0x07 0x07]
read [0x07 0x07 0x07 0x07 0x07 0x07 0x07 0x07 0x07 0x07 0x07 0x07 0x07 0x07 0x07 0x07]
read [0x07 0x07 0x07 0x07 0x07 0x07 0x07 0x07 0x07 0x07 0x07 0x07 0x07 0x07 0x07 0x07]
read [0x07 0x07 0x07 0x07 0x07 0x07 0x07 0x07 0x07 0x07 0x07 0x07 0x07 0x07 0x07 0x07]
read [0x07 0x07 0x07 0x07 0x07 0x07 0x07 0x07 0x07 0x07 0x07 0x07 0x07 0x07 0x07 0x07]
read [0x07 0x07 0x07 0x07 0x07 0x07 0x07 0x07 0x07 0x07 0x07 0x07 0x07 0x07 0x07 0x07]
read [0x07 0x07 0x07 0x07 0x07 0x07 0x07 0x07 0x07 0x07 0x07 0x07 0x07 0x07 0x07 0x07]
read [0x07 0x07 0x07 0x07 0x07 0x07 0x07 0x07 0x07 0x07 0x07 0x07 0x07 0x07 0x07 0x07]
read [0x07 0x07 0x07 0x07 0x07 0x07 0x07 0x07 0x07 0x07 0x07 0x07 0x07 0x07 0x07 0x07]
read [0x07 0x07 0x07 0x07 0x07 0x07 0x07 0x07 0x07 0x07 0x07 0x07 0x07 0x07 0x07 0x07]
read [0x07 0x07 0x07 0x07 0x07 0x07 0x07 0x07 0x07 0x07 0x07 0x07 0x07 0x07 0x07 0x07]
read [0x07 0x07 0x07 0x07 0x07 0x07 0x07 0x07 0x07 0x07 0x07 0x07 0x07 0x07 0x07 0x07]
read [0x07 0x07 0x07 0x07 0x07 0x07 0x07 0x07 0x07 0x07 0x07 0x07 0x07 0x07 0x07 0x07]
read [0x07 0x07 0x07 0x07 0x07 0x07 0x07 0x07 0x07 0x07 0x07 0x07 0x07 0x07 0x07 0x07]
read [0x07 0x07 0x07 0x07 0x07 0x07 0x07 0x07 0x07 0x07 0x07 0x07 0x07 0x07 0x07 0x07]
read [0x07 0x07 0x07 0x07 0x07 0x07 0x07 0x07]