#
# Copyright 2007-2015, Kaazing Corporation. All rights reserved.
#
# Licensed under the Apache License, Version 2.0 (the "License");
# you may not use this file except in compliance with the License.
# You may obtain a copy of the License at
#
# http://www.apache.org/licenses/LICENSE-2.0
#
# Unless required by applicable law or agreed to in writing, software
# distributed under the License is distributed on an "AS IS" BASIS,
# WITHOUT WARRANTIES OR CONDITIONS OF ANY KIND, either express or implied.
# See the License for the specific language governing permissions and
# limitations under the License.
#

# Script that sends the CONNECT control packet to broker with invalid Will QoS - 3 
# and expects the broker to close the network connection.

connect tcp://127.0.0.1:1883
connected

# CONNECT
write [0x10]            # MQTT Control Packet type(1)
write [0x12]            # Remaining Length
write [0x00 0x04]       # Protocol Name Length
write "MQTT"            # Protocol Name
write [0x04]            # The value of the Protocol Level field for the version 3.1.1 of the protocol is 4 (0x04)

                        # Connect Flags
                        # User Name Flag(0)
                        # Password Flag(0)
                        # Will Retain(0)
                        # Will QoS(11) - It MUST NOT be 3 (0x03). Serve should close the connection.
                        # Will Flag(1)
                        # Clean Session(1)
write [0x1E]            # Reserved(0)

write [0x00 0x00]       # Keep Alive

                        # Payload
write [0x00 0x07]       # Client Identifier Length
write "client1"         # Client Identifier

# Server MUST close the Network Connection due to invalid Will QoS flag
closed