#
# Copyright 2007-2015, Kaazing Corporation. All rights reserved.
#
# Licensed under the Apache License, Version 2.0 (the "License");
# you may not use this file except in compliance with the License.
# You may obtain a copy of the License at
#
# http://www.apache.org/licenses/LICENSE-2.0
#
# Unless required by applicable law or agreed to in writing, software
# distributed under the License is distributed on an "AS IS" BASIS,
# WITHOUT WARRANTIES OR CONDITIONS OF ANY KIND, either express or implied.
# See the License for the specific language governing permissions and
# limitations under the License.
#

accept tcp://localhost:5672
accepted
connected

                                                 # Protocol-Header 1-0-0
read "AMQP" [0x00 0x01 0x00 0x00]                # version: 1.0.0

                                                 # open
read [0x00 0x00 0x00 0x21]                       # length: 33
read [0x02]                                      # data offset: 2
read [0x00]                                      # type: AMQP (0)
read [0x00 0x00]                                 # channel: 0
read [0x00 0x53 0x10]                            # performative: open
read [0xc0 0x14 0x04]                            # arguments: size, count
read [0xa1 0x08] "clientID"                      #   container-id type, length, "clientID"
read [0x40]                                      #   hostname: null
read [0x70 0x00 0x01 0x00 0x00]                  #   max-frame-size: 65536
read [0x60 0x00 0xff]                            #   channel-max: unknown (255)

                                                 # Protocol-Header 1-0-0
write "AMQP" [0x00 0x01 0x00 0x00]               # version: 1.0.0

                                                 # open
write [0x00 0x00 0x00 0x17]                      # length: 23
write [0x02]                                     # data offset: 2
write [0x00]                                     # type: AMQP (0)
write [0x00 0x00]                                # channel: 0
write [0x00 0x53 0x10]                           # performative: open
write [0xc0 0x0a 0x03]                           # arguments: size, count
write [0xa1 0x00]                                #   container-id type, length, ""
write [0xa1 0x00]                                #   hostname: ""
write [0x70 0x00 0x10 0x00 0x00]                 #   max-frame-size: 1048576

                                                 # begin
read [0x00 0x00 0x00 0x1f]                       # length: 31
read [0x02]                                      # data offset: 2
read [0x00]                                      # type: AMQP (0)
read [0x00 0x00]                                 # channel: 0
read [0x00 0x53 0x11]                            # performative: begin
read [0xc0 0x12 0x05]                            # arguments: size, count
read [0x40]                                      #   remote channel: null
read [0x43]                                      #   next-outgoing-id: 0
read [0x70 0x00 0x00 0x08 0x00]                  #   incoming-window: 2048
read [0x70 0x00 0x00 0x08 0x00]                  #   outgoing-window: 2048
read [0x70 0xff 0xff 0xff 0xff]                  #   handle-max: 4294967295

                                                 # begin
write [0x00 0x00 0x00 0x1a]                      # length: 26
write [0x02]                                     # data offset: 2
write [0x00]                                     # type: AMQP (0)
write [0x00 0x00]                                # channel: 0
write [0x00 0x53 0x11]                           # performative: begin
write [0xc0 0x0d 0x05]                           # arguments: size, count
write [0x60 0x00 0x00]                           #   remote channel: 0
write [0x52 0x01]                                #   next-outgoing-id: 1
write [0x43]                                     #   incoming-window: 0
write [0x43]                                     #   outgoing-window: 0
write [0x70 0x00 0x00 0x04 0x00]                 #   handle-max: 1024

                                                 # attach
read [0x00 0x00 0x00 0x6a]                       # length: 106
read [0x02]                                      # data offset: 2
read [0x00]                                      # type: AMQP (0)
read [0x00 0x00]                                 # channel: 0
read [0x00 0x53 0x12]                            # performative: attach
read [0xc0 0x5d 0x0a]                            # arguments: size, count
read [0xa1 0x11] "txnControllerLink"             #   name
read [0x43]                                      #   handle: 0
read [0x42]                                      #   role: sender
read [0x50 0x00]                                 #   send-settle-mode: unsettled (0)
read [0x50 0x00]                                 #   receive-settle-mode: first (0)
read [0x00 0x53 0x28]                            #   ???
read [0xc0 0x01 0x00]                            #   source: size, count
read [0x00 0x53 0x30]                            #   ???
read [0xc0 0x35 0x01]                            #   coordinator: size, count
read [0xe0 0x32 0x02 0xa3]                       #   capabilities (array sym8)
read [0x17] "amqp:local-transactions"            #     capability
read [0x17] "amqp:multi-txns-per-ssn"            #     capability
read [0x40]                                      #   unsettled
read [0x40]                                      #   incomplete-unsettled: null
read [0x43]                                      #   initial-delivery-count: 0

                                                 # attach
write [0x00 0x00 0x00 0x65]                      # length: 101
write [0x02]                                     # data offset: 2
write [0x00]                                     # type: AMQP (0)
write [0x00 0x00]                                # channel: 0
write [0x00 0x53 0x12]                           # performative: attach
write [0xc0 0x58 0x07]                           # arguments: size, count
write [0xa1 0x11] "txnControllerLink"            #   name
write [0x43]                                     #   handle: 0
write [0x41]                                     #   role: receiver
write [0x50 0x02]                                #   send-settle-mode: mixed (2)
write [0x50 0x00]                                #   receive-settle-mode: first (0)
write [0x00 0x53 0x28]                           #   ???
write [0x45]                                     #   source: empty
write [0x00 0x53 0x30]                           #   ???
write [0xc0 0x35 0x01]                           #   coordinator: size, count
write [0xe0 0x32 0x02 0xa3]                      #   capabilities
write [0x17] "amqp:local-transactions"           #     capability (sym8)
write [0x17] "amqp:multi-txns-per-ssn"           #     capability (sym8)

                                                 # flow
write [0x00 0x00 0x00 0x1b]                      # length: 27
write [0x02]                                     # data offset: 2
write [0x00]                                     # type: AMQP (0)
write [0x00 0x00]                                # channel: 0
write [0x00 0x53 0x13]                           # performative: flow
write [0xc0 0x0e 0x07]                           # arguments: size, count
write [0x43]                                     #   next-incoming-id: 0
write [0x70 0x00 0x00 0x07 0xff]                 #   incoming-window: 2047
write [0x52 0x01]                                #   next-outgoing-id: 1
write [0x43]                                     #   outgoing-window: 0
write [0x43]                                     #   handle: 0
write [0x43]                                     #   delivery-count: 0
write [0x52 0x64]                                #   link-credit: 100

                                                 # transfer
read [0x00 0x00 0x00 0x1e]                       # length: 30
read [0x02]                                      # data offset: 2
read [0x00]                                      # type: AMQP (0)
read [0x00 0x00]                                 # channel: 0
read [0x00 0x53 0x14]                            # performative: transfer
read [0xc0 0x08 0x05]                            # arguments: size, count
read [0x43]                                      #   handle: 0
read [0x43]                                      #   delivery-id: 0
read [0xa0 0x01 0x00]                            #   delivery-tag: 0
read [0x43]                                      #   message-format: 0
read [0x42]                                      #   settled: false
read [0x00 0x53 0x77]                            # ???
read [0x00 0x53 0x31]                            # ???
read [0xc0 0x01 0x00]                            # ???

                                                 # disposition
write [0x00 0x00 0x00 0x22]                      # length: 34
write [0x02]                                     # data offset: 2
write [0x00]                                     # type: AMQP (0)
write [0x00 0x00]                                # channel: 0
write [0x00 0x53 0x15]                           # performative: disposition
write [0xc0 0x15 0x05]                           # arguments: size, count
write [0x41]                                     #   role: receiver
write [0x43]                                     #   first: 0
write [0x43]                                     #   last: 0
write [0x41]                                     #   settled: true
write [0x00 0x53 0x33]                           #   declared
write [0xc0 0x0b 0x01]                           #     size, count
write [0xa0 0x08]
write [0x00 0x00 0x00 0x00 0x00 0x00 0x00 0x01]  # txn-id

close
closed
