#
# Copyright 2007-2015, Kaazing Corporation. All rights reserved.
#
# Licensed under the Apache License, Version 2.0 (the "License");
# you may not use this file except in compliance with the License.
# You may obtain a copy of the License at
#
# http://www.apache.org/licenses/LICENSE-2.0
#
# Unless required by applicable law or agreed to in writing, software
# distributed under the License is distributed on an "AS IS" BASIS,
# WITHOUT WARRANTIES OR CONDITIONS OF ANY KIND, either express or implied.
# See the License for the specific language governing permissions and
# limitations under the License.
#

connect tcp://localhost:5672
connected

                                                 # Protocol-Header 1-0-0
write "AMQP" [0x00 0x01 0x00 0x00]               # version: 1.0.0

                                                 # open
write [0x00 0x00 0x00 0x21]                      # length: 33
write [0x02]                                     # data offset: 2
write [0x00]                                     # type: AMQP (0)
write [0x00 0x00]                                # channel: 0
write [0x00 0x53 0x10]                           # performative: open
write [0xc0 0x14 0x04]                           # arguments: size, count
write [0xa1 0x08] "clientID"                     #   container-id type, length, "clientID"
write [0x40]                                     #   hostname: null
write [0x70 0x00 0x01 0x00 0x00]                 #   max-frame-size: 65536
write [0x60 0x00 0xff]                           #   channel-max: unknown (255)

                                                 # Protocol-Header 1-0-0
read "AMQP" [0x00 0x01 0x00 0x00]                # version: 1.0.0

                                                 # open
read [0x00 0x00 0x00 0x17]                       # length: 23
read [0x02]                                      # data offset: 2
read [0x00]                                      # type: AMQP (0)
read [0x00 0x00]                                 # channel: 0
read [0x00 0x53 0x10]                            # performative: open
read [0xc0 0x0a 0x03]                            # arguments: size, count
read [0xa1 0x00]                                 #   container-id type, length, ""
read [0xa1 0x00]                                 #   hostname: ""
read [0x70 0x00 0x10 0x00 0x00]                  #   max-frame-size: 1048576

                                                 # begin
write [0x00 0x00 0x00 0x1f]                      # length: 31
write [0x02]                                     # data offset: 2
write [0x00]                                     # type: AMQP (0)
write [0x00 0x00]                                # channel: 0
write [0x00 0x53 0x11]                           # performative: begin
write [0xc0 0x12 0x05]                           # arguments: size, count
write [0x40]                                     #   remote channel: null
write [0x43]                                     #   next-outgoing-id: 0
write [0x70 0x00 0x00 0x08 0x00]                 #   incoming-window: 2048
write [0x70 0x00 0x00 0x08 0x00]                 #   outgoing-window: 2048
write [0x70 0xff 0xff 0xff 0xff]                 #   handle-max: 4294967295

                                                 # begin
read [0x00 0x00 0x00 0x1a]                       # length: 26
read [0x02]                                      # data offset: 2
read [0x00]                                      # type: AMQP (0)
read [0x00 0x00]                                 # channel: 0
read [0x00 0x53 0x11]                            # performative: begin
read [0xc0 0x0d 0x05]                            # arguments: size, count
read [0x60 0x00 0x00]                            #   remote channel: 0
read [0x52 0x40]                                 #   next-outgoing-id: 1
read [0x43]                                      #   incoming-window: 0
read [0x43]                                      #   outgoing-window: 0
read [0x70 0x00 0x00 0x04 0x00]                  #   handle-max: 1024

                                                 # attach
write [0x00 0x00 0x00 0x74]                      # length: 116
write [0x02]                                     # data offset: 2
write [0x00]                                     # type: AMQP (0)
write [0x00 0x00]                                # channel: 0
write [0x00 0x53 0x12]                           # performative: attach
write [0xc0 0x67 0x07]                           # arguments: size, count
write [0xa1 0x09] "durable-X"                    #   name
write [0x43]                                     #   handle: 0
write [0x41]                                     #   role: receiver (65)
write [0x50 0x00]                                #   send-settle-mode: unsettled (0)
write [0x50 0x00]                                #   receive-settle-mode: first (0)
write [0x00 0x53 0x28]                           #   source
write [0xc0 0x24 0x07]                           #     size, count
write [0xa1 0x0f] "topic://topic-A"              #     address
write [0x52 0x02]                                #     terminus-durable: 2
write [0xa3 0x05] "never"                        #     expiry-policy: never
write [0x40]                                     #     timeout: null
write [0x40]                                     #     dynamic: null
write [0x40]                                     #     dynamic-node-properties
write [0xa3 0x04] "copy"                         #     distribution-mode: copy
write [0x00 0x53 0x29]                           #   target
write [0xc0 0x27 0x01]                           #     size, count
write [0xa1 0x24]                                #     address 
write "29d3bfd4-6938-11e4-b116-123b93f75cba"


                                                 # attach
read [0x00 0x00 0x00 0x77]                       # length: 119
read [0x02]                                      # data offset: 2
read [0x00]                                      # type: AMQP (0)
read [0x00 0x00]                                 # channel: 0
read [0x00 0x53 0x12]                            # performative: attach
read [0xc0 0x6a 0x0a]                            # arguments: size, count
read [0xa1 0x09] "durable-X"                     #   name
read [0x43]                                      #   handle: 0
read [0x42]                                      #   role: sender (66)
read [0x50 0x02]                                 #   send-settle-mode: mixed (2)
read [0x50 0x00]                                 #   receive-settle-mode: first (0)
read [0x00 0x53 0x28]                            #   source
read [0xc0 0x24 0x07]                            #     size, count
read [0xa1 0x0f] "topic://topic-A"               #     address
read [0x52 0x02]                                 #     terminus-durable: 2
read [0xa3 0x05] "never"                         #     expiry-policy: never
read [0x40]                                      #     timeout: null
read [0x40]                                      #     dynamic: null
read [0x40]                                      #     dynamic-node-properties
read [0xa3 0x04] "copy"                          #     distribution-mode: copy
read [0x00 0x53 0x29]                            #   target
read [0xc0 0x27 0x01]                            #     size, count
read [0xa1 0x24]                                 #     address
read "29d3bfd4-6938-11e4-b116-123b93f75cba"      # 
read [0x40]                                      # unsettled
read [0x42]                                      # incomplete-unsettled
read [0x43]                                      # initial-delivery-count: 0

                                                 # flow
write [0x00 0x00 0x00 0x22]                      # length: 34
write [0x02]                                     # data offset: 2
write [0x00]                                     # type: AMQP (0)
write [0x00 0x00]                                # channel: 0
write [0x00 0x53 0x13]                           # performative: flow
write [0xc0 0x15 0x0a]                           # arguments: size, count
write [0x52 0x40]                                #   next-incoming-id: 64
write [0x70 0x00 0x00 0x08 0x00]                 #   incoming-window: 2048
write [0x43]                                     #   next-outgoing-id: 0
write [0x70 0x00 0x00 0x08 0x00]                 #   outgoing-window: 2048
write [0x43]                                     #   handle: 0
write [0x43]                                     #   delivery-count: 0
write [0x52 0x64]                                #   link-credit: 100
write [0x40]                                     #   available: null
write [0x42]                                     #   drain: false
write [0x42]                                     #   echo: false

                                                 # detach
write [0x00 0x00 0x00 0x10]                      # length: 16
write [0x02]                                     # data offset: 2
write [0x00]                                     # type: AMQP (0)
write [0x00 0x00]                                # channel: 0
write [0x00 0x53 0x16]                           # performative: detach
write [0xc0 0x03 0x02]                           # arguments: size, count
write [0x43]                                     #   handle: 0
write [0x41]                                     #   closed: true

                                                 # detach
read [0x00 0x00 0x00 0x10]                       # length: 16
read [0x02]                                      # data offset: 2
read [0x00]                                      # type: AMQP (0)
read [0x00 0x00]                                 # channel: 0
read [0x00 0x53 0x16]                            # performative: detach
read [0xc0 0x03 0x02]                            # arguments: size, count
read [0x43]                                      #   handle: 0
read [0x41]                                      #   closed: true

                                                 # attach
write [0x00 0x00 0x00 0x4d]                      # length: 76
write [0x02]                                     # data offset: 2
write [0x00]                                     # type: AMQP (0)
write [0x00 0x00]                                # channel: 0
write [0x00 0x53 0x12]                           # performative: attach
write [0xc0 0x40 0x07]                           # arguments: size, count
write [0xa1 0x09] "durable-X"                    #   name
write [0x52 0x01]                                #   handle: 1
write [0x41]                                     #   role: receiver (65)
write [0x50 0x00]                                #   send-settle-mode: unsettled (0)
write [0x50 0x00]                                #   receive-settle-mode: first (0)
write [0x40]                                     #   source
write [0x00 0x53 0x29]                           #   target
write [0xc0 0x27 0x01]                           #     size, count
write [0xa1 0x24]                                #     address 
write "29d3bfd4-6938-11e4-b116-123b93f76cba"

                                                 # attach
read [0x00 0x00 0x00 0x70]                       # length: 112
read [0x02]                                      # data offset: 2
read [0x00]                                      # type: AMQP (0)
read [0x00 0x00]                                 # channel: 0
read [0x00 0x53 0x12]                            # performative: attach
read [0xc0 0x63 0x0a]                            # arguments: size, count
read [0xa1 0x09] "durable-X"                     #   name
read [0x52 0x01]                                 #   handle: 1
read [0x42]                                      #   role: sender (66)
read [0x50 0x02]                                 #   send-settle-mode: mixed (2)
read [0x50 0x00]                                 #   receive-settle-mode: first (0)
read [0x00 0x53 0x28]                            #   source
read [0xc0 0x1c 0x03]                            #     size, count
read [0xa1 0x10] "dsub://durable-X"              #     address
read [0x52 0x02]                                 #     terminus-durable: 2
read [0xa3 0x05] "never"                         #     expiry-policy: never
read [0x00 0x53 0x29]                            #   target
read [0xc0 0x27 0x01]                            #     size, count
read [0xa1 0x24]                                 #     address
read "29d3bfd4-6938-11e4-b116-123b93f76cba"      # 
read [0x40]                                      # unsettled
read [0x42]                                      # incomplete-unsettled
read [0x43]                                      # initial-delivery-count: 0

                                                 # detach
write [0x00 0x00 0x00 0x11]                      # length: 17
write [0x02]                                     # data offset: 2
write [0x00]                                     # type: AMQP (0)
write [0x00 0x00]                                # channel: 0
write [0x00 0x53 0x16]                           # performative: detach
write [0xc0 0x04 0x02]                           # arguments: size, count
write [0x52 0x01]                                #   handle: 1
write [0x41]                                     #   closed: true

                                                 # detach
read [0x00 0x00 0x00 0x11]                       # length: 17
read [0x02]                                      # data offset: 2
read [0x00]                                      # type: AMQP (0)
read [0x00 0x00]                                 # channel: 0
read [0x00 0x53 0x16]                            # performative: detach
read [0xc0 0x04 0x02]                            # arguments: size, count
read [0x52 0x01]                                 #   handle: 1
read [0x41]                                      #   closed: true

                                                 # attach
write [0x00 0x00 0x00 0x71]                      # length: 113
write [0x02]                                     # data offset: 2
write [0x00]                                     # type: AMQP (0)
write [0x00 0x00]                                # channel: 0
write [0x00 0x53 0x12]                           # performative: attach
write [0xc0 0x64 0x07]                           # arguments: size, count
write [0xa1 0x09] "durable-X"                    #   name
write [0x43]                                     #   handle: 0
write [0x41]                                     #   role: receiver (65)
write [0x50 0x00]                                #   send-settle-mode: unsettled (0)
write [0x50 0x00]                                #   receive-settle-mode: first (0)
write [0x00 0x53 0x28]                           #   source
write [0xc0 0x21 0x03]                           #     size, count
write [0xa1 0x10] "dsub://durable-X"             #     address
write [0x43]                                     #     terminus-durable: 0
write [0xa3 0x0b] "link-detach"                  #     expiry-policy: link-detach
write [0x00 0x53 0x29]                           #   target
write [0xc0 0x27 0x01]                           #     size, count
write [0xa1 0x24]                                #     address 
write "29d3bfd4-6938-11e4-b116-123b93f77cba"

                                                 # attach
read [0x00 0x00 0x00 0x74]                       # length: 116
read [0x02]                                      # data offset: 2
read [0x00]                                      # type: AMQP (0)
read [0x00 0x00]                                 # channel: 0
read [0x00 0x53 0x12]                            # performative: attach
read [0xc0 0x67 0x0a]                            # arguments: size, count
read [0xa1 0x09] "durable-X"                     #   name
read [0x43]                                      #   handle: 0
read [0x42]                                      #   role: sender (66)
read [0x50 0x02]                                 #   send-settle-mode: mixed (2)
read [0x50 0x00]                                 #   receive-settle-mode: first (0)
read [0x00 0x53 0x28]                            #   source
read [0xc0 0x21 0x03]                            #     size, count
read [0xa1 0x10] "dsub://durable-X"              #     address
read [0x43]                                      #     terminus-durable: 0
read [0xa3 0x0b] "link-detach"                   #     expiry-policy: link-detach
read [0x00 0x53 0x29]                            #   target
read [0xc0 0x27 0x01]                            #     size, count
read [0xa1 0x24]                                 #     address
read "29d3bfd4-6938-11e4-b116-123b93f77cba"      # 
read [0x40]                                      # unsettled
read [0x42]                                      # incomplete-unsettled
read [0x43]                                      # initial-delivery-count: 0

                                                 # detach
write [0x00 0x00 0x00 0x10]                      # length: 16
write [0x02]                                     # data offset: 2
write [0x00]                                     # type: AMQP (0)
write [0x00 0x00]                                # channel: 0
write [0x00 0x53 0x16]                           # performative: detach
write [0xc0 0x03 0x02]                           # arguments: size, count
write [0x43]                                     #   handle: 0
write [0x41]                                     #   closed: true

                                                 # detach
read [0x00 0x00 0x00 0x10]                       # length: 16
read [0x02]                                      # data offset: 2
read [0x00]                                      # type: AMQP (0)
read [0x00 0x00]                                 # channel: 0
read [0x00 0x53 0x16]                            # performative: detach
read [0xc0 0x03 0x02]                            # arguments: size, count
read [0x43]                                      #   handle: 0
read [0x41]                                      #   closed: true

                                                 # end
write [0x00 0x00 0x00 0x0e]                      # length: 14
write [0x02]                                     # data offset: 2
write [0x00]                                     # type: AMQP (0)
write [0x00 0x00]                                # channel: 0
write [0x00 0x53 0x17]                           # performative: end
write [0xc0 0x01 0x00]                           # arguments: size, count

                                                 # end
read [0x00 0x00 0x00 0x0c]                       # length: 12
read [0x02]                                      # data offset: 2
read [0x00]                                      # type: AMQP (0)
read [0x00 0x00]                                 # channel: 0
read [0x00 0x53 0x17]                            # performative: end
read [0x45]                                      # arguments: none

                                                 # close
write [0x00 0x00 0x00 0x0e]                      # length: 14
write [0x02]                                     # data offset: 2
write [0x00]                                     # type: AMQP (0)
write [0x00 0x00]                                # channel: 0
write [0x00 0x53 0x18]                           # performative: close
write [0xc0 0x01 0x00]                           # arguments: size, count

                                                 # close
read [0x00 0x00 0x00 0x0c]                       # length: 12
read [0x02]                                      # data offset: 2
read [0x00]                                      # type: AMQP (0)
read [0x00 0x00]                                 # channel: 0
read [0x00 0x53 0x18]                            # performative: close
read [0x45]                                      # arguments: none

close
closed
