#
# Copyright 2007-2015, Kaazing Corporation. All rights reserved.
#
# Licensed under the Apache License, Version 2.0 (the "License");
# you may not use this file except in compliance with the License.
# You may obtain a copy of the License at
#
# http://www.apache.org/licenses/LICENSE-2.0
#
# Unless required by applicable law or agreed to in writing, software
# distributed under the License is distributed on an "AS IS" BASIS,
# WITHOUT WARRANTIES OR CONDITIONS OF ANY KIND, either express or implied.
# See the License for the specific language governing permissions and
# limitations under the License.
#

property realm "example.com"
property nonce "adl7W7PeDU4hKE72jdaQvbAMcr6h39sm"
property acceptURI "tcp://localhost:3478"

accept ${acceptURI}
accepted
connected

##Allocation request
read [0x00] [0x03] [0x00] [0x14] #Type|MessageLength
read [0x21] [0x12] [0xa4] [0x42] #Magic cookie
read ([0..12]:transactionID)
#Attributes
read [0x00] [0x0d] [0x00] [0x04]
read [0x00] [0x00] [0x0e] [0x10]
#Attributes
read [0x00] [0x19] [0x00] [0x01]
read [0x11] [0x00] [0x00] [0x00]
#Attributes
read [0x00] [0x1a] [0x00] [0x00]

##401 Allocation error response
#STUN Header
write [0x01] [0x13] [0x00] [0x48] #Type|Length
write [0x21] [0x12] [0xa4] [0x42] #Magic Cookie
write ${transactionID}
#Attribute ERROR-CODE
write [0x00] [0x09] [0x00] [0x10]
write [0x00] [0x00] [0x04] [0x01]
write "Unauthorized"
#Attribute Realm
write [0x00] [0x14] [0x00] [0x0b]
write ${realm} [0x00]
#Attribute Nonce
write [0x00] [0x15] [0x00] [0x20]
write ${nonce}

#allocation request (w/ cred)
read [0x00] [0x03] [0x00] [0x74]
read [0x21] [0x12] [0xa4] [0x42]
read ([0..12]:transactionID)
#Attributes
read [0x00] [0x0d] [0x00] [0x04]
read [0x00] [0x00] [0x0e] [0x10] #3600 seconds
read [0x00] [0x19] [0x00] [0x01]
read [0x11] [0x00] [0x00] [0x00]
read [0x00] [0x1a] [0x00] [0x00]
read [0x00] [0x06] [0x00] [0x0d]
read "wrongusername" [0x00] [0x00] [0x00]
read [0x00] [0x14] [0x00] [0x0b]
read ${realm} [0x00]
read [0x00] [0x15] [0x00] [0x20]
read ${nonce}
#Attribute Message-Integrity
read [0x00] [0x08] [0x00] (byte:length)
read ([0..${length}]:messageDigest)

#441 Allocate Error Response
write [0x01] [0x13] [0x00] [0x1c] #Type|Length
write [0x21] [0x12] [0xa4] [0x42] #Magic Cookie
write ${transactionID}
#Attributes
write [0x00] [0x09] [0x00] [0x15]
write [0x00] [0x00] [0x04] [0x29]
write "Wrong Credentials" [0x00] [0x00] [0x00]



