#
# Copyright 2007-2015, Kaazing Corporation. All rights reserved.
#
# Licensed under the Apache License, Version 2.0 (the "License");
# you may not use this file except in compliance with the License.
# You may obtain a copy of the License at
#
# http://www.apache.org/licenses/LICENSE-2.0
#
# Unless required by applicable law or agreed to in writing, software
# distributed under the License is distributed on an "AS IS" BASIS,
# WITHOUT WARRANTIES OR CONDITIONS OF ANY KIND, either express or implied.
# See the License for the specific language governing permissions and
# limitations under the License.
#

accept "tcp://localhost:12345"
accepted
connected

read "PREPARE\n"
read "version:2.0\n"
read "\n"

write "PREPARED\n"
write "content-length:0\n"
write "\n"

read "START\n"
read "\n"

write "STARTED\n"
write "\n"

write "FINISHED\n"
write "content-length:0\n"
write "\n"
