#
# Copyright 2007-2015, Kaazing Corporation. All rights reserved.
#
# Licensed under the Apache License, Version 2.0 (the "License");
# you may not use this file except in compliance with the License.
# You may obtain a copy of the License at
#
# http://www.apache.org/licenses/LICENSE-2.0
#
# Unless required by applicable law or agreed to in writing, software
# distributed under the License is distributed on an "AS IS" BASIS,
# WITHOUT WARRANTIES OR CONDITIONS OF ANY KIND, either express or implied.
# See the License for the specific language governing permissions and
# limitations under the License.
#

connect "tcp://localhost:12345"
connected

write "PREPARE\n"
write "version:1.5\n"
write "name:org/kaazing/specification/control/assets/server\n"
write "name:org/kaazing/specification/control/assets/client\n"
write "\n"

read "ERROR\n"
read "summary:Bad control protocol version\n"
read "content-length:43\n"
read "\n"
read "Robot requires control protocol version 2.0"

close
