property entityTag "\"r2d2xxxx\""
accept http://localhost:8000/resource
accepted
connected

read method "GET"
read version "HTTP/1.1"
read closed

write status "200" "OK"
write header "ETag" ${entityTag}
write header content-length
write flush
write close

accepted
connected

read method "GET"
read version "HTTP/1.1"
read header "If-None-Match" ${entityTag}, "\"tag1\"", "\"tag2\""
read closed

# One of the tags specified as part of If-None-Match header matches the entity-tag of the selected
# resource. This means that the condition evaluates to false AND the requested method is a GET.
# So, do not perform the requested method instead the response must include 304(Not Modified) status
# code.
write status "304" "Not Modified"
write header "ETag" ${entityTag}
write flush
write close
