property key ${ws:handshakeKey()}
property writeMaskA ${ws:randomBytes(4)}
property client25a ${ws:randomBytesUTF8(25)}

connect http://localhost:8080/echo
connected

write method "GET"
write version "HTTP/1.1"
write header host
write header "Upgrade" "websocket"
write header "Connection" "Upgrade"
write header "Sec-WebSocket-Key" ${key}
write header "Sec-WebSocket-Version" "13"

read status "101" /.+/
read version "HTTP/1.1"
read header "Upgrade" /(?i:websocket)/
read header "Connection" /(?i:Upgrade)/
read header "Sec-WebSocket-Accept" ${ws:handshakeHash(key)}

write [0xa1 0x99] ${writeMaskA}
write option mask ${writeMaskA}
write ${client25a}
write option mask [0x00 0x00 0x00 0x00]

read [0x88 0x02 0x03 0xea]
