#
# Copyright 2007-2015, Kaazing Corporation. All rights reserved.
#
# Licensed under the Apache License, Version 2.0 (the "License");
# you may not use this file except in compliance with the License.
# You may obtain a copy of the License at
#
# http://www.apache.org/licenses/LICENSE-2.0
#
# Unless required by applicable law or agreed to in writing, software
# distributed under the License is distributed on an "AS IS" BASIS,
# WITHOUT WARRANTIES OR CONDITIONS OF ANY KIND, either express or implied.
# See the License for the specific language governing permissions and
# limitations under the License.
#

# ideally this would be http based so the reads would be consistent
connect "tcp://localhost:8080"
connected
write "GET /request1 HTTP/1.1" "\r\n"
write "Host: localhost:8080" "\r\n"
write "Content-Length: 0\r\n"
write "\r\n"

write "GET /request2 HTTP/1.1" "\r\n"
write "Host: localhost:8080" "\r\n"
write "Content-Length: 0\r\n"
write "\r\n"

write "GET /request3 HTTP/1.1" "\r\n"
write "Host: localhost:8080" "\r\n"
write "Content-Length: 0\r\n"
write "\r\n"


read "HTTP/1.1 200 OK\r\n"
read "Content-Length: 8\r\n"
read "\r\n"
read "request1"

read "HTTP/1.1 200 OK\r\n"
read "Content-Length: 8\r\n"
read "\r\n"
read "request2"

read "HTTP/1.1 200 OK\r\n"
read "Content-Length: 8\r\n"
read "\r\n"
read "request3"

close 
closed

