#
# Copyright 2007-2015, Kaazing Corporation. All rights reserved.
#
# Licensed under the Apache License, Version 2.0 (the "License");
# you may not use this file except in compliance with the License.
# You may obtain a copy of the License at
#
# http://www.apache.org/licenses/LICENSE-2.0
#
# Unless required by applicable law or agreed to in writing, software
# distributed under the License is distributed on an "AS IS" BASIS,
# WITHOUT WARRANTIES OR CONDITIONS OF ANY KIND, either express or implied.
# See the License for the specific language governing permissions and
# limitations under the License.
#

property writeMask ${httpx:randomBytes(4)}
connect http://localhost:8080/path
connected

write method "GET"
write version "HTTP/1.1"
write header host
write header "Upgrade" "websocket"
write header "Connection" "Upgrade"
write header "Sec-WebSocket-Key" "dGhlIHNhbXBsZSBub25jZQ=="
write header "Sec-WebSocket-Version" "13"
write header "Sec-WebSocket-Protocol" "x-kaazing-handshake"

read status "101" /.+/
read version "HTTP/1.1"
read header "Upgrade" "websocket"
read header "Connection" "Upgrade"
read header "Sec-WebSocket-Accept" "s3pPLMBiTxaQ9kYGzzhZRbK+xOo="
read header "Sec-WebSocket-Protocol" "x-kaazing-handshake"
read header "Server" /.+/
read header "Date" /.+/

write [0x82 0x96] ${writeMask}
write option mask ${writeMask}
write "GET /path HTTP/1.1\r\n"
write "\r\n"
write option mask [0x00 0x00 0x00 0x00]

# 302 response
read [0x82 0x3C]
read /HTTP\/1.1 302.+\r\n/
read /Location: (?<redirect>.*+)\r\n/
read "\r\n"

read [0x88 0x02 0x03 0xe8]

write [0x88 0x02] ${writeMask}
write option mask ${writeMask}
write [0x03 0xe8]
write option mask [0x00 0x00 0x00 0x00]

closed

read notify FIRST_CONNECTION_CLOSED

connect await FIRST_CONNECTION_CLOSED
connect ${redirect}
connected

write method "GET"
write version "HTTP/1.1"
write header host
write header "Upgrade" "websocket"
write header "Connection" "Upgrade"
write header "Sec-WebSocket-Key" "dGhlIHNhbXBsZSBub25jZQ=="
write header "Sec-WebSocket-Version" "13"
write header "Sec-WebSocket-Protocol" "x-kaazing-handshake"
write flush
