#
# Copyright 2007-2015, Kaazing Corporation. All rights reserved.
#
# Licensed under the Apache License, Version 2.0 (the "License");
# you may not use this file except in compliance with the License.
# You may obtain a copy of the License at
#
# http://www.apache.org/licenses/LICENSE-2.0
#
# Unless required by applicable law or agreed to in writing, software
# distributed under the License is distributed on an "AS IS" BASIS,
# WITHOUT WARRANTIES OR CONDITIONS OF ANY KIND, either express or implied.
# See the License for the specific language governing permissions and
# limitations under the License.
#

property lastModifiedClientDate "Sat, 1 Jan 2000 01:23:45 GMT"

connect "http://localhost:8000/index.html"
connected

write http:method "GET"
write http:version "HTTP/1.1"
write http:host
write http:content-length
write flush

read http:status "200" /.*/
read http:header "Last-Modified" /(?<lastModified>.+)/
read http:header "ETag" /(?<entityTag>.+)/
read notify LAST_MODIFIED

connect await LAST_MODIFIED
        "http://localhost:8000/index.html"
connected

write http:method "DELETE"
write http:version "HTTP/1.1"
write http:host
write http:header "If-Unmodified-Since" ${lastModifiedClientDate}
write http:header "If-Match" ${entityTag}
write http:content-length
write flush

read http:status "200" /.*/
