property lastModified "Mon, 1 Jan 2015 01:23:45 GMT"
property timeAtWritingFirstResponse "Wed, 18 Nov 2015 01:10:45 GMT"
property expires1 "Wed, 18 Nov 2015 01:10:55 GMT"
property expires2 "Wed, 18 Nov 2015 01:11:10 GMT"

accept http://localhost:8000/index.html
accepted
connected

read method "GET"
read version "HTTP/1.1"
read header "Host" "localhost:8000"

write status "200" "OK"
write header "Date" ${timeAtWritingFirstResponse}
write header "Expires" ${expires1}
write header "Last-Modified" ${lastModified}
write header content-length
write flush

accepted
connected

read method "GET"
read version "HTTP/1.1"
read header "Host" "localhost:8000"
read header "If-Modified-Since" ${lastModified}

write status "304" "Not Modified"
write header "Last-Modified" ${lastModified}
write header "Expires" ${expires2}
write close
